[RUN #0 5 10]
372 443 248 900 -200
114 8 679 338 -255
-702 51 820 604 510
39 -6 -571 -448 -901
342 82 -772 101 524
-762 -872 -410 371 -478
-52 868 -115 -99 204
254 -456 427 -101 -597
-958 -725 190 -177 -65
15 -99 570 -658 -583
[RUN #1 5 10]
-661 -663 -132 -90 569
184 470 852 448 68
-101 -16 777 -220 -393
357 -295 -751 -665 -484
35 -889 952 -251 -305
-151 -225 779 -739 -279
-284 486 -847 -560 211
168 -571 33 -121 241
-44 -554 -705 726 798
-169 -603 21 -527 -741
[RUN #2 6 10]
-702 224 -979 654 753 334
-206 -331 559 -336 803 -746
404 574 717 -886 -19 121
750 -714 -581 937 -44 487
459 879 -743 781 -664 -681
-497 929 -61 291 201 404
-464 262 517 -254 -170 961
-2 107 -740 -89 782 -391
-186 -348 318 -686 -715 -741
-356 -578 -870 -605 -503 -203
[RUN #3 7 10]
-323 -528 0 698 -939 -576 354
259 264 822 522 -380 -157 -842
374 -238 70 68 -520 974 -54
93 109 -165 892 54 -162 -608
-908 113 -300 -942 -969 -140 601
-992 -502 268 -620 -479 -345 -71
-535 150 608 775 -19 377 -537
-439 -491 814 937 791 -927 -726
878 345 990 -712 693 -877 -100
122 -189 -497 63 -814 547 730
[RUN #4 8 10]
-82 -8 794 754 924 434 -527 862
-795 732 -636 -471 -499 950 102 -877
-874 18 -76 57 73 917 720 287
106 471 -946 273 905 150 -756 371
-572 276 816 -421 715 312 -393 446
777 -687 236 914 421 230 -39 -470
601 -421 107 80 451 398 127 -323
519 38 -366 -877 -282 -203 704 588
166 501 -956 735 289 973 -418 465
-6 661 -209 -725 -339 900 -367 -979
[RUN #5 5 10]
808 8 210 146 680
41 360 904 496 -331
234 805 -708 838 96
237 -750 953 -725 -285
-677 -874 87 -998 746
566 108 -757 811 -533
-15 147 -36 -40 458
104 -268 -899 -199 -742
40 -517 737 758 10
462 -965 -467 379 684
[RUN #6 3 10]
784 167 872
-365 -182 -467
-516 604 956
693 578 -616
-946 -816 719
591 150 -772
103 -677 -51
620 172 -700
917 922 -800
291 716 -671
[RUN #7 4 10]
-44 612 -816 700
302 784 -29 662
52 874 62 128
166 11 -135 -228
139 990 -478 -415
953 -966 527 62
-522 365 -817 666
992 -185 -7 802
-356 188 952 501
-582 -187 -978 770
[RUN #8 2 10]
-20 -746
488 869
-24 -690
697 -483
-617 260
459 722
146 6
270 -606
-917 899
159 648
[RUN #9 1 10]
786
127
912
-191
-421
-906
-937
-499
-113
-2
[RUN #10 100 10]
125 371 374 388 -60 -147 58 -487 -914 168 -100 978 -144 -787 184 -824 455 62 495 -968 519 -344 -746 -925 -460 -926 -953 594 190 -873 121 -229 -960 709 -406 -999 47 -976 -201 431 -638 364 -401 601 504 748 -701 -139 729 762 -39 701 611 123 908 -965 29 863 329 362 -529 -643 -217 -270 188 -556 228 805 -331 -236 -924 291 -776 458 678 -639 -304 -903 859 615 267 209 799 -240 -959 889 -1000 765 238 136 873 -323 110 285 -527 115 636 576 -286 340
675 792 838 621 -68 -766 5 468 248 -85 -677 131 405 448 182 905 318 23 -588 -469 561 919 -179 -823 132 650 -757 -734 -80 -601 -47 -718 4 884 162 560 -280 345 362 -850 614 716 -220 -974 115 962 -318 -562 753 482 -276 805 -544 893 -832 -738 -265 -282 517 -313 333 430 979 -385 -713 -255 685 -537 -393 585 -51 -626 522 -399 -426 -194 381 -485 -815 -27 -697 764 -243 826 -244 981 286 -788 791 -676 -903 546 -398 -95 -6 -64 -327 942 -397 915
-21 -858 -749 -229 -737 565 782 -345 -369 -604 476 -856 129 -857 -871 299 5 -687 -772 921 388 -908 214 -435 -117 300 -129 664 -49 478 119 -767 -153 609 308 -148 -313 254 -186 253 -754 411 -801 -786 -915 -485 915 497 -407 482 243 -68 864 162 766 -212 -10 -842 640 833 -228 987 -860 352 626 -997 737 -70 324 -67 145 242 -123 -319 -552 -899 -581 -355 -486 -688 281 898 -965 682 414 185 -712 -377 658 -704 -967 -265 -496 591 -222 -40 617 -571 346 -733
-689 170 27 -620 -849 265 -614 -210 179 -502 -113 666 430 599 442 -691 -129 522 987 -396 -809 245 863 95 65 133 844 -976 -920 -166 -423 135 -674 631 76 -138 -260 174 44 -262 -712 835 638 637 569 349 830 -28 686 513 -421 -347 -675 54 -75 753 -578 -705 -935 -563 -673 -85 883 8 -681 941 129 -869 -541 343 -497 -38 859 709 228 -214 -843 606 -141 665 -305 457 -40 592 199 855 786 -715 -447 423 791 -491 -107 947 -322 300 -379 -780 990 -30
-992 818 450 -556 -476 -579 432 259 -22 -15 -502 490 -471 -350 -639 527 -964 -968 863 -712 -654 -536 -891 895 -847 881 364 -221 -386 341 337 -737 -653 823 378 -548 356 983 -729 -601 -659 737 839 741 -644 -925 692 693 -74 254 265 -41 -987 534 -472 -360 -331 -628 -392 840 334 -498 395 -717 -38 397 -780 -174 443 879 -225 -355 -21 322 939 50 -399 117 789 -672 -827 387 305 -18 -407 -500 -617 862 -34 567 529 336 -310 -928 -539 189 796 -771 926 -262
465 -985 330 132 -928 -44 159 962 -896 259 -451 -684 -481 418 527 -845 814 907 -431 -657 14 -4 83 -737 920 -38 904 -960 -380 485 568 222 -175 -591 559 571 209 -372 -221 -437 311 -317 -320 272 -607 469 836 258 -823 -984 -501 410 -432 -11 -439 263 -343 996 248 -275 -761 482 -411 -866 912 679 -218 -518 -920 -606 -374 742 -336 506 -64 -381 -312 -288 -768 -968 -94 261 -407 -98 -638 946 -88 -996 -389 -991 292 702 -284 757 -676 -722 -8 479 372 -557
984 -181 -245 -979 604 665 408 -596 831 -705 -170 186 -19 -674 -544 565 332 -362 -330 360 393 311 916 -406 -760 557 923 -980 369 276 256 608 -883 -767 -669 37 743 438 71 -148 480 622 -943 -150 -93 3 46 -714 -202 -676 -678 -73 196 107 781 -543 -655 633 748 -62 656 -500 762 -114 86 -220 624 -347 -87 260 -584 69 587 988 -13 552 907 630 927 526 538 214 -952 -201 103 -864 918 -379 954 -368 -990 475 -896 -866 134 620 654 -756 712 841
-8 -880 319 -622 -989 983 242 -868 -766 -935 491 676 414 -987 -376 503 -961 969 -258 187 -782 -547 639 30 169 -226 -904 330 -720 608 -781 -312 -884 -202 557 -689 869 -327 499 -16 863 828 -81 354 -975 -161 -154 -390 599 662 303 -239 886 922 889 -837 -697 339 -36 879 389 473 388 486 798 -652 -602 -147 -429 979 107 51 307 -988 782 -580 -273 773 490 417 -753 -901 -115 890 -795 -267 849 -922 382 766 -886 -365 -492 963 -136 485 395 143 -839 -948
-268 -190 995 363 262 61 650 -547 524 -527 608 647 935 -545 -62 942 155 -407 571 357 570 -358 -218 65 -797 -209 -229 -198 -629 515 -226 -579 613 -150 967 -769 -424 560 110 329 47 612 183 -876 437 -191 -986 -844 711 972 -138 158 -879 324 -236 -934 -327 -273 -542 453 -401 -107 -49 198 239 447 611 411 897 703 50 -768 166 -171 -441 -187 -847 446 655 -612 120 -265 -430 -753 793 -711 911 581 886 -438 247 -20 809 -55 -56 -342 -47 -279 -631 575
109 535 468 788 -404 -637 -222 -799 617 -402 28 561 790 147 -377 830 -539 763 154 -33 765 -873 56 437 965 -780 72 117 -369 255 -925 -173 -479 -558 -211 -424 -338 -120 -638 652 377 250 -305 769 -785 262 -334 -630 -108 844 473 106 338 15 -632 696 -982 302 -675 281 -775 554 -156 -903 608 -698 -550 -529 -283 -297 420 -459 -384 415 -906 -124 -135 -200 -964 865 847 225 834 -902 -366 666 908 -430 517 697 -385 -607 -690 20 -469 69 607 -744 126 393
[RUN #11 500 10]
650 -728 902 -930 798 439 -902 477 318 539 -391 493 139 -727 -845 311 108 -333 -67 -278 -1 345 447 -584 -816 315 -863 839 -927 -818 178 -715 329 952 -871 102 -242 -986 635 -434 992 -106 479 832 411 62 396 -545 -909 -19 -77 473 -646 481 -630 -252 617 -820 -69 -135 38 -581 996 -827 -780 727 124 -189 610 -608 951 644 118 634 432 677 -703 -261 -866 -397 478 30 -16 -592 551 277 820 -731 31 779 491 827 143 669 -440 -804 -221 168 974 -556 -743 -502 377 966 175 517 778 -998 427 -476 312 245 -993 419 -576 395 474 -847 91 21 914 487 831 -532 -725 -811 -367 504 652 -305 -238 100 636 -247 303 612 855 913 -536 805 448 -404 13 349 903 480 19 -60 43 114 242 -872 -903 514 549 286 -376 -975 -34 -996 -215 239 -873 -341 22 714 -281 621 10 -330 971 -244 575 -448 -486 436 -339 -812 -313 -228 -822 920 -672 -449 -132 688 -901 259 -128 963 475 627 824 -443 -121 528 -667 -259 -140 -716 -874 828 656 177 323 -838 -318 616 607 373 964 -127 151 -464 759 -97 956 -360 -992 -520 -552 -987 -554 120 184 361 785 663 527 865 -482 182 -79 437 697 247 -260 590 -957 -686 -744 167 -896 161 589 732 788 -302 -948 -712 169 -609 -138 711 -831 -280 -565 -122 895 784 -212 -89 -403 659 -892 -141 -620 -399 -450 -702 -350 -245 -378 -175 244 -39 -46 901 15 -314 214 726 74 230 -526 -967 516 200 423 282 -853 179 -454 234 -239 -359 250 451 -91 907 -262 -389 273 -241 460 -619 -678 -808 948 -622 756 -439 416 117 672 -509 -540 -912 25 54 -336 -437 -635 -655 -771 248 -208 -602 14 12 849 630 210 -631 -104 715 359 116 -616 -504 -456 380 -38 544 -809 370 196 -415 -64 -976 -865 -689 -243 221 638 400 560 781 -653 29 -881 -971 758 183 -541 324 -726 -377 890 -142 580 884 -763 -833 -527 -599 -256 771 -420 -33 712 -388 -405 -917 871 893 314 -807 -414 994 959 753 264 556 262 -887 649 351 -103 -301 -48 472 -154 -590 -772 509 -421 -263 -507 60 -810 899 -695 -729 -779 -640 -319 587 813 -467 110 483 -2 265 682 852 702 793 348 -400 -954 390 347 -348 352 825 -123 -947 683 40 415 46 339 -52 -628 747 194 700 287 -604 368 -381 615 -483 -985 -459 -506 330 876 -43 658 -328 468 66 -589 -303 -488 -390 -508 158 774 276 103 -877 32 -113 -74 -129 547 355 -5 608 82 593 950 -270 94 155 -146 -408 -768 -505 782 50 146 -139 -567 -419 317 -805
-196 386 257 -824 595 -783 -458 -860 629 -639 186 861 23 -741 744 -139 -570 -935 -500 31 -530 -75 -602 576 -214 -217 -429 -956 -208 321 -829 134 580 237 -974 -353 382 -765 268 52 754 -888 -52 125 -132 -392 229 -749 -612 -43 -868 -2 729 -377 -226 -992 896 565 634 -757 -642 -805 -356 -734 88 -878 732 -511 200 -978 984 -376 -350 978 99 -410 -576 929 233 -131 753 375 -62 175 -363 381 -323 941 -41 -14 -373 -150 897 -731 38 -796 833 -898 911 727 848 956 -171 367 697 -729 33 908 -713 958 -768 969 -207 35 104 -358 207 -718 -828 344 875 377 726 306 172 489 519 -12 949 -721 979 296 0 130 -611 388 -100 -335 -426 -863 -355 870 -617 -151 -191 225 -7 415 -673 -550 396 204 -890 786 247 -946 -339 -497 -60 925 137 362 962 177 -661 521 -255 -428 -422 643 -223 -580 465 -368 290 755 183 -973 443 -850 -852 923 -87 -447 -707 -307 -614 -715 -36 83 830 303 621 919 -861 782 -220 -686 841 933 -235 -517 -328 -124 -975 -337 -243 650 -697 -394 -164 588 222 401 -287 -917 781 -578 903 92 762 -241 824 -766 -246 -244 231 877 -991 -3 253 -737 -821 246 -799 213 -197 -24 572 685 591 557 -290 954 315 -48 -503 -605 8 -465 808 113 192 244 340 -554 -493 191 566 -411 -510 -232 -630 -769 928 533 614 -971 185 500 188 926 42 -463 -514 -759 100 430 559 -914 -791 511 -329 864 411 676 -145 -451 -655 -172 872 -516 -804 996 -435 909 -369 -840 -16 277 -770 -582 -979 922 -600 11 202 -772 -848 -427 539 -727 -793 991 691 607 -156 816 -601 65 -453 724 -498 330 61 -210 592 -711 742 -135 967 481 532 818 512 39 -179 -916 -548 145 568 -504 158 129 630 -97 -296 -862 506 917 -983 -667 -33 -659 628 -325 220 420 874 -542 -512 -184 -144 -89 -726 378 -238 -338 880 -397 451 444 232 994 103 436 -823 -18 -387 -640 -525 983 -152 553 278 -168 -103 298 -209 -779 -119 495 796 847 888 936 67 -919 286 -636 814 160 -80 -480 -390 101 -473 -261 552 371 -461 266 127 218 -253 -344 453 -709 -386 -948 -91 980 -732 -189 -264 -719 878 -276 -534 717 -449 141 478 -833 438 930 176 82 -683 -375 734 -906 627 -972 150 -270 612 -513 107 558 871 -467 562 302 -367 -199 -343 -625 -922 695 -4 927 868 -266 -668 -507 -544 605 198 -22 164 -561 -880 -866 890 -648 -883 -567 968 -68 869 -424 -245 -843 655 404 -313 503 346 -213 -845 379 365 459 -654 294 182 -102 -635 -8
-228 -114 -140 -718 -791 -487 -133 -249 64 -149 -675 -510 736 -480 497 -588 793 963 -963 387 -395 -793 -233 521 -715 -277 737 684 515 644 -509 -728 666 -330 -766 -225 -32 -986 -190 -266 -91 -95 339 -965 924 -432 463 -817 -10 616 -45 -599 50 320 -940 156 -56 823 966 -308 332 -479 552 -714 -681 930 717 -948 733 -799 -789 -781 262 -814 -520 266 526 604 842 -566 -110 82 -311 256 307 -619 615 444 873 685 -560 -936 338 -289 522 -913 -29 680 -992 967 661 134 48 629 -25 621 -704 -505 -414 -941 -952 -542 411 452 -916 334 -605 559 -161 -808 -761 432 -516 -341 343 -979 922 -498 605 -710 698 -760 -854 -558 -387 7 713 -812 693 -915 -39 86 -562 -458 -410 734 323 174 481 -919 534 -481 -693 135 -52 57 -530 0 -796 782 630 -445 -483 325 -773 360 13 587 789 -285 961 -805 395 749 -667 -732 489 30 472 370 -239 -525 -795 -904 672 52 631 720 843 184 -124 -144 366 -51 -416 -260 -129 -472 -70 832 702 -694 -871 -476 -293 -398 859 950 -624 798 993 -939 56 449 800 -548 -629 270 561 -423 477 -612 904 112 315 -640 -695 882 -297 -295 363 128 231 210 836 110 -312 -43 493 841 -84 940 658 -770 -316 739 177 -989 -459 457 831 560 242 725 -13 -559 -135 -506 -397 608 916 291 -981 -153 -982 -351 -784 585 124 573 151 609 -959 -656 -938 -699 288 779 510 460 741 -615 619 814 -177 687 769 -393 905 10 -643 755 -1 -613 -304 -864 -5 -897 -274 -425 -703 -318 607 -354 554 192 -544 434 -334 -713 -758 748 912 726 -966 -600 -420 750 -33 -434 405 -107 -14 -977 -829 606 -751 310 928 -151 688 -219 -80 -104 289 214 -662 447 501 944 232 -943 474 499 -180 446 -442 -767 72 732 -465 126 279 563 -726 -964 600 -394 591 -702 636 589 -92 -313 378 -97 692 618 -676 512 -64 -892 -449 74 -776 224 -237 857 -534 984 158 971 -42 -482 -603 932 161 330 844 69 550 -204 533 372 -167 237 598 -467 942 254 929 204 -73 555 -441 516 -196 821 369 -536 318 935 251 -928 419 142 -598 890 -914 333 -800 21 835 429 612 285 -679 183 933 -191 504 -627 -729 -34 42 -606 -798 -527 -369 880 557 -841 683 662 -499 -113 448 797 756 -532 780 -657 731 -282 -883 85 173 -360 -234 -382 578 209 421 -380 575 -98 633 -674 -347 -745 373 -179 200 -518 88 94 -574 -404 668 -444 -610 148 721 187 -446 -208 -336 314 -407 -983 53 -158 548 -850 -998 887 -753 -921 824 -775
-395 922 985 -958 766 87 986 533 -758 -685 283 -892 426 -132 189 584 -29 -578 136 -942 -948 -397 -445 652 -251 156 -541 -336 445 -954 -501 -920 -538 -644 -735 993 -215 42 -290 -989 -815 562 192 -129 -896 359 -830 -404 945 -369 -542 -877 849 -344 -385 930 -590 -856 -352 57 -889 764 -595 534 588 318 -89 -484 889 -824 -469 758 -525 92 -244 319 431 -174 832 -207 424 -487 95 708 79 133 871 -884 305 863 -60 272 142 579 -147 -370 480 203 -583 921 68 681 -609 -330 485 767 -536 -332 -67 971 332 836 -633 714 -267 -689 -983 414 214 -428 -566 -435 856 -711 -260 -614 -44 611 439 -720 -6 -799 503 -643 853 402 -665 -965 -847 -819 775 -960 932 -122 396 157 -809 -366 -305 217 -307 -748 -85 186 -221 131 549 -229 947 798 774 973 642 -539 -148 -510 -863 543 514 -529 404 -561 -895 646 -359 -497 281 -524 776 884 356 147 392 -506 834 -667 -690 -971 -553 787 -49 -32 -879 906 -349 425 -18 268 977 -589 -500 406 -93 751 -979 -677 125 -700 545 362 -676 895 -973 806 706 633 262 -617 -620 200 546 54 -522 -952 -674 783 -607 365 -556 -411 432 865 -526 -47 279 151 702 -10 989 953 382 -857 -800 654 -559 -160 864 416 811 -488 735 937 556 -170 -914 874 -906 351 -405 -738 -519 172 -412 -750 574 409 86 782 823 -80 -731 178 840 661 788 523 809 602 564 -164 -175 -882 -357 604 665 594 -52 327 -492 -702 -998 -805 -715 -205 532 651 -678 -755 731 -759 419 366 -933 839 561 672 -749 969 -390 447 807 -599 -984 537 -930 580 -274 911 511 -448 -938 421 619 572 671 346 605 293 197 -14 -163 -119 -721 -371 524 -838 -846 34 965 29 -437 373 -266 140 -322 988 -471 797 -792 -671 271 -192 -571 367 -254 -871 555 -301 -158 -682 -1 438 888 297 696 -311 264 453 -293 929 -881 290 498 357 -131 -642 -33 814 -876 -315 206 45 -464 -558 169 -453 227 -308 295 492 -30 939 -389 -208 -890 -441 201 -446 76 716 450 -176 -8 3 -798 348 -778 -43 60 413 -166 -955 791 -810 -438 -240 -724 106 -951 497 -280 440 39 -406 -101 55 436 245 527 -944 632 -48 -533 901 -272 -512 -775 454 349 -431 -63 -505 637 -379 -572 -284 -615 848 -203 378 -579 444 -648 308 127 292 -601 752 -905 345 291 155 -154 691 296 -191 -875 -59 -281 -663 -762 -734 -238 417 835 -476 -161 484 -42 883 312 -22 -861 496 975 -358 -653 535 123 816 -987 757 -701 -768 387 640 630 812 -302 -255
339 -262 384 638 -614 947 -187 391 341 40 -817 417 202 -919 557 858 -212 567 767 369 363 -597 381 456 -946 872 -157 -161 -897 836 -767 -651 -958 -222 462 -516 -203 410 6 335 -534 470 87 706 583 -998 457 849 430 -33 35 219 809 -433 -668 79 829 123 -368 511 -822 -58 -446 422 -922 211 13 -65 -937 794 868 775 -436 -638 327 864 678 340 -650 -1 -169 -670 283 748 375 -233 315 -156 -406 196 -268 633 254 12 783 -476 743 758 -385 143 -225 -691 681 -676 751 -127 463 14 330 -802 -30 412 579 -67 692 28 522 110 -210 951 446 -301 958 472 989 -2 -733 -249 636 -911 -585 416 220 687 724 -766 -791 -35 -682 -805 -994 -258 488 -334 -965 -718 151 -601 -972 -52 -893 445 792 -753 967 -962 -393 934 225 -553 575 846 976 263 120 -938 -171 839 -797 475 -563 -970 -644 999 -955 -316 479 -906 133 366 -818 -935 -529 229 -779 192 762 -227 448 -961 534 693 -898 95 591 898 731 262 -57 222 746 69 -568 -224 -11 29 -260 -462 981 -379 -602 -13 -698 -138 585 -770 438 -656 -643 -380 965 -625 -216 -886 -136 -340 -121 -794 936 -860 -729 -386 -578 -667 -213 444 -390 816 882 -857 993 -280 -327 -782 241 -329 -46 -151 413 -762 -469 -866 530 63 64 205 250 164 62 -701 676 -816 642 -176 469 526 -727 -377 19 703 893 -20 -381 -95 -828 42 570 -812 593 608 -808 801 -73 -603 604 -279 695 184 802 349 912 -506 -964 616 -155 185 318 568 759 -951 -454 -173 176 4 543 -747 824 243 -740 269 -223 -595 589 334 -128 -725 103 -576 329 949 -330 -966 276 -357 -162 466 964 818 556 -296 -641 -839 -841 -715 -751 606 347 147 -545 252 915 -116 856 736 265 -37 848 65 -84 235 -992 -775 972 688 -577 426 303 246 -286 -660 21 -613 286 -685 320 785 659 -847 -551 -584 -652 22 -987 725 -905 667 281 -178 -730 -635 -285 210 -403 -204 -211 397 -118 -422 -72 -941 -628 873 37 -689 61 273 -255 486 386 -944 -780 -675 70 474 946 -214 -870 -153 973 615 -947 664 -383 942 -114 -674 928 197 601 -804 707 76 -100 -110 -630 -823 -241 -348 988 -3 -18 -934 -392 605 -537 -1000 -627 299 200 -425 328 807 -21 -778 -254 -564 -401 -459 264 925 -864 966 -402 -957 813 553 -562 -496 400 -872 -133 54 -556 -719 -550 -43 -567 -56 -290 760 -276 -844 372 454 149 798 778 694 -297 -295 -346 -97 -378 -474 -373 161 532 906 -781 497 73 -774 878 226 -283 -131 -888 959 312 324
-14 -849 137 -125 691 -112 -789 639 -952 817 936 -493 176 -374 858 886 -279 -926 775 -653 -772 -975 -34 -409 -527 608 97 283 -17 -506 834 -918 -729 -174 -458 -216 24 -615 -832 169 -7 -162 607 969 -795 827 155 750 -465 -339 -807 263 142 -469 84 -955 -937 -61 -248 -749 -600 -390 254 979 -103 -100 850 665 603 35 82 -886 -713 -11 96 -848 64 -155 707 805 -885 -882 294 -207 -119 287 -589 36 -351 -420 946 -964 -127 134 -447 823 6 -360 -332 959 -776 160 -338 635 303 -692 -999 -448 337 78 901 -101 925 -462 292 378 -720 87 148 820 833 -825 272 355 -111 878 -935 -837 -219 542 -129 561 831 20 -839 -949 -198 -554 -562 -802 910 -616 -594 -161 -139 62 -446 851 630 825 342 583 482 -475 428 218 993 -991 -255 -138 516 533 -755 -435 -985 -378 144 32 298 362 -415 -314 666 984 743 -643 610 -341 50 806 313 30 386 -133 190 -369 230 -934 -400 525 695 455 -20 -40 689 697 998 549 -22 872 404 409 372 304 -8 -532 -91 260 801 560 -634 -727 680 -484 649 110 -823 -983 65 -478 151 5 346 745 885 640 -367 468 140 301 -251 -805 648 -264 -947 -629 556 -523 547 916 -819 -671 571 270 941 271 459 897 454 -259 699 786 982 540 276 -317 985 -740 371 741 -557 -199 -745 -221 735 322 -86 -329 384 471 -590 -568 7 656 769 537 80 -368 -407 -724 846 10 -454 401 67 -486 314 -408 -35 505 -814 -830 908 -880 264 486 279 -345 619 -323 807 418 602 57 988 962 -965 987 -574 526 921 -398 -734 582 -741 -358 460 -186 816 -393 172 -733 -664 -873 731 -318 42 558 -109 733 -37 -679 928 942 265 188 -781 -703 852 -433 -526 -831 -546 -241 890 -608 -974 945 207 457 350 -665 175 359 513 239 -455 724 -505 251 -245 863 669 606 395 19 -195 -582 -852 179 383 -343 -175 868 31 205 321 -875 -188 781 -889 -916 -677 -3 100 -648 -481 957 622 625 -903 476 235 -917 -732 862 479 938 -877 -431 22 498 -361 -598 209 -357 85 599 -748 394 -893 262 903 -276 -751 972 -114 157 311 -910 672 628 407 -275 -898 898 -862 967 405 -847 -625 503 -214 -551 -362 -56 -349 -607 252 709 -542 -417 27 -121 -843 -292 121 980 992 -352 228 -943 529 389 720 -223 557 128 791 752 543 385 964 -752 436 614 -993 -262 875 -920 -533 842 -126 -709 189 -879 -565 -306 -539 -224 491 -673 -434 126 -868 180 684 173 779 492 -984 -858 800 802 233 789 -105 744 740 402
244 733 -185 -925 -167 -717 -662 -828 -984 -176 -398 -642 966 -410 637 945 242 -454 260 -406 161 762 304 -19 656 -334 -677 337 635 -859 -882 -407 -266 -15 623 -981 347 -776 -839 -434 114 -451 91 -722 442 303 -812 -791 -383 -920 864 -392 -82 -289 313 128 -158 -84 438 -807 636 -932 466 169 -696 12 561 744 -656 -418 -431 -779 -563 -219 356 -377 -702 948 -193 -88 452 -516 -184 909 -713 898 -955 -808 541 895 -871 731 -802 -17 615 200 850 -628 -664 -130 -937 -173 454 874 -116 203 -605 -872 -803 -148 -547 202 836 -671 781 -436 -128 -820 -313 2 -174 876 441 366 -540 156 857 314 624 -611 869 -622 -74 -309 116 497 143 264 15 460 -306 751 719 -524 257 -149 -745 717 -928 768 379 -954 13 38 144 -858 -60 -778 -131 48 -810 163 389 267 -529 345 11 -355 889 -739 -90 33 209 -806 -885 487 959 327 10 -767 -100 811 660 -65 97 159 -847 340 956 515 -311 725 646 32 -483 877 459 971 -110 -931 -890 676 160 329 -575 -300 302 -476 -957 633 210 569 594 854 -990 117 883 -554 -48 222 -215 -127 294 -357 343 9 -31 98 -390 -661 470 758 963 418 -756 400 890 -70 -466 -107 -673 -172 225 -911 -139 -285 655 276 215 430 -481 950 951 286 -221 427 -657 980 27 -359 -155 -237 923 461 -545 -299 -238 981 892 -899 59 -655 -725 988 -590 782 298 336 235 -548 -165 894 -878 710 764 -63 -117 -30 838 961 -284 -36 -864 178 43 593 -75 -883 -788 -248 -706 -534 711 -318 245 918 175 -144 381 -748 982 -262 -531 383 753 -746 873 201 -1 406 508 756 -304 453 -607 -397 -136 317 897 -933 -302 307 905 479 -705 -742 856 -568 759 -387 -263 -358 -875 251 481 734 662 469 -556 357 995 -874 -718 -350 316 688 350 8 -831 707 477 323 320 162 -751 550 985 974 -442 953 279 136 942 101 740 154 -261 391 -527 -726 -229 214 612 368 -907 607 87 576 247 -800 -951 29 955 451 544 -918 682 678 488 -312 -16 -579 360 957 246 -201 -440 920 -349 901 -186 -754 565 -956 152 -930 -555 -640 -811 271 -834 106 -290 -91 763 596 -12 968 -166 613 -288 -518 771 -106 907 -743 455 449 -692 -700 -964 142 88 -564 24 840 -198 268 973 816 -913 -496 737 557 581 -515 352 158 373 742 -273 -280 647 -766 463 888 -99 -256 -599 -825 -458 -8 287 167 207 280 392 -650 86 -112 -226 -245 -293 773 -762 -98 784 83 -786 -267 -801 380 -576 -724 -562 -852 -301 -719 -838 881
-272 -219 -190 203 -774 396 270 -645 -48 -766 286 21 -998 661 -613 -773 243 682 962 255 -7 -968 79 -847 150 -919 -862 480 175 454 -293 -30 226 -543 -980 -963 309 -263 -873 75 30 -510 39 -560 -664 -922 991 534 -525 594 596 91 -43 494 -278 -707 458 -224 523 -112 -796 -885 -771 -424 446 168 -332 -733 257 -799 894 -17 176 109 877 -87 936 -988 8 238 -802 -339 -14 -633 231 465 442 159 89 -449 -911 236 -534 527 919 -747 -343 -883 685 -54 501 325 -927 -138 633 -753 -234 388 672 931 411 381 -807 503 -912 906 792 -846 807 -956 927 993 -241 -170 -85 -402 -347 -236 921 -448 -434 -575 -383 304 -351 293 -10 14 777 316 -476 305 -399 658 737 662 -814 563 660 -130 -191 -566 -214 98 -200 237 752 229 -882 -16 873 -900 913 891 -616 190 528 144 541 -180 -687 874 625 -61 322 486 58 959 448 209 -139 513 -732 232 918 -565 -501 -232 -776 797 -682 548 429 -772 -731 -691 -696 -69 -849 522 269 -407 254 18 234 769 -266 466 108 428 617 -518 -441 -277 -260 0 715 845 -149 -322 -593 -59 -237 -879 -935 412 202 303 246 -301 -209 539 846 616 747 210 -549 -662 664 -262 104 852 -869 853 -824 -84 -861 -950 505 140 -762 863 -979 -212 247 -19 332 -251 978 400 671 199 570 935 -421 -897 -615 423 -929 -721 -108 114 460 -695 996 -604 -6 -964 -228 842 506 -519 195 -769 -282 -395 -702 -619 582 895 130 -463 179 -856 -503 -970 51 -308 -233 128 543 -920 -464 -718 291 -595 542 -624 -96 73 -475 -516 -688 832 584 55 -141 -888 749 -933 -683 -483 416 333 -240 899 468 630 107 -523 -92 -535 576 -326 -35 968 378 10 663 786 120 419 938 -794 126 -874 508 72 74 577 -676 474 515 -730 -788 536 127 -462 99 -253 -940 -910 472 56 -686 953 -68 49 772 -374 656 -981 -287 -271 -582 -743 -226 781 -954 -679 -972 -473 -892 439 327 956 192 -143 -584 438 -115 -382 731 208 922 67 -211 -384 -544 70 987 83 611 245 227 858 -894 394 -437 -670 -248 -140 -439 949 -57 -470 -466 -481 -199 241 -103 -147 882 -82 951 -128 659 35 48 -418 554 588 -887 -529 933 -176 -227 42 -388 33 -898 -151 -101 -823 -312 264 -71 560 -675 -498 -952 645 754 -238 -538 -97 -876 281 297 362 -295 975 -618 -660 19 653 -412 -426 -202 -816 -317 -851 -978 579 -125 -267 385 -34 -385 -208 -658 767 -411 -812 -838 -391 843 -984 -623 -875 665 282 948 341 553 -168 -41 283 -21 -934
-786 -287 -553 435 190 -5 98 700 498 289 241 -120 -885 -380 -339 -347 -765 823 -236 208 765 -982 496 476 -101 -906 -955 229 -539 493 910 745 -995 281 -319 45 92 157 -700 -774 408 460 -307 166 -528 737 -895 861 825 -276 661 896 -234 437 734 583 -19 -210 -507 536 19 858 -987 605 185 -538 447 276 -134 129 -689 -977 -779 488 336 499 -252 547 -237 509 -292 -925 266 335 -26 -188 796 154 589 457 -573 -664 -869 -341 27 359 -981 489 167 702 198 -797 213 611 992 386 -905 60 -866 831 -231 -431 572 9 389 -826 -270 534 -213 -662 -932 8 -25 205 568 650 -405 160 364 -412 122 -95 47 549 570 543 -636 791 -872 -42 607 -962 50 -309 26 -807 -308 312 -997 -999 433 248 -162 -562 4 513 783 -770 76 439 -708 -419 180 415 -413 -706 673 -69 600 -221 249 956 -617 -79 -199 369 131 670 140 31 556 -388 90 -979 -964 372 -13 -858 -297 475 422 -455 578 478 880 776 803 785 722 -176 692 214 -646 -382 -107 -749 -147 -579 -619 948 69 -344 770 211 844 846 477 -642 -754 -397 -224 642 -547 -676 105 -258 -275 929 -115 120 -893 482 -854 -282 275 -214 -298 -12 854 463 973 501 -795 -661 -722 13 810 17 522 -170 -639 235 393 -868 -876 637 564 232 307 -555 224 -780 411 -332 696 763 -945 -194 255 -567 602 -513 -241 -164 227 833 -88 860 -685 901 972 -473 147 950 -132 -335 195 -650 424 -941 -17 939 905 640 104 805 -917 103 199 -463 -65 -330 -931 -316 -750 -133 -742 -2 755 -123 790 12 732 -598 384 410 -849 940 293 -704 -551 -240 -458 -772 -687 -574 284 -892 174 473 601 -310 -644 684 595 -375 465 736 73 794 -498 -47 -974 333 710 -967 664 -918 836 -812 720 515 292 -621 -993 80 458 -367 -929 594 874 -185 20 96 329 -404 -264 6 5 -500 252 -691 145 508 856 -415 537 11 -301 829 -682 -638 416 999 671 968 -362 962 617 29 -281 -763 754 897 -422 357 -710 253 54 -114 -280 -735 186 -391 355 -693 871 -296 -569 119 967 121 782 431 -534 893 238 -875 895 -159 772 -370 -616 363 -317 -570 -338 -983 -32 -265 -37 982 -911 788 469 -350 -262 729 -3 873 417 -460 394 -794 -799 230 573 418 -484 559 936 -457 -760 294 653 270 906 -430 470 -355 938 851 407 662 686 -146 -736 -110 222 -136 -27 -675 541 675 271 -549 828 -890 -468 777 -959 -361 -674 -78 377 -283 -561 979 -643 -441 402 -179 -874 -524 233 210 75 -734 -605 -825
-901 -73 250 -140 290 -313 12 -355 -621 -538 597 -46 389 -17 -48 -22 18 297 576 -632 -201 763 749 -138 299 540 988 388 525 291 443 177 902 -343 -471 -404 178 879 992 772 -543 -56 495 119 823 -31 947 191 395 -627 210 -931 -649 -822 792 -858 254 640 987 596 813 -820 937 313 269 -170 -865 510 226 -454 973 356 -887 555 283 960 -511 201 -485 -99 -862 575 421 125 -434 677 -415 803 90 465 -183 409 574 -132 758 -207 806 -231 -727 -13 970 361 969 -804 828 -258 669 47 -539 545 302 795 223 517 373 649 -935 -870 -802 -888 50 536 -112 -345 718 521 -188 764 -301 -510 908 440 885 -826 -124 838 -179 -194 922 -25 153 -969 387 341 -398 -683 -341 488 -51 -395 630 -734 -96 625 -988 711 -859 357 -411 -361 -389 76 -91 503 -693 71 365 -409 -951 -801 551 -276 -279 978 -594 -496 -491 -977 -453 798 568 793 907 86 658 -732 -403 425 -588 -259 -273 -315 -23 319 107 444 636 -917 -942 406 270 606 665 138 322 43 -907 95 -610 456 484 -990 747 -215 459 -482 72 -229 -366 28 -526 -959 -134 -791 237 529 34 -860 857 -230 -906 522 21 345 300 -108 -850 607 -656 -28 770 2 339 934 867 958 -650 -914 -426 -47 -847 -171 928 -641 -813 392 -629 -958 -603 926 -143 -999 -205 -563 824 -601 -21 -43 213 453 -219 272 346 918 -342 735 513 -524 -318 -634 188 -842 -9 -322 -419 -580 -597 378 113 957 585 878 -699 850 554 773 -647 472 102 -20 -406 -3 -376 -85 805 310 -659 -463 -197 981 308 172 404 232 -527 737 -720 993 314 -447 -834 -745 719 925 894 -872 -780 -484 742 -465 -186 320 -964 -530 -304 -390 -354 610 35 -372 -472 426 -200 -253 454 -352 514 -587 124 -234 -956 427 519 -50 577 855 -721 -886 -251 520 765 325 -703 785 -142 -927 -821 -383 -972 -233 931 -331 674 -497 -290 911 589 820 543 916 -853 -365 -623 -214 724 184 200 -971 -338 599 84 614 895 652 -405 -979 45 638 414 -217 -271 846 305 -686 876 811 887 530 -544 -8 -619 -418 -433 1 279 -748 -162 63 391 498 -591 956 262 366 -941 738 48 -428 -348 -595 -697 -945 -946 -717 -295 -487 874 -937 -109 -741 501 85 -218 -281 5 963 -18 -582 74 701 -790 284 592 641 166 -209 -40 815 227 -97 41 648 -204 418 745 -653 364 -81 -436 -573 479 626 -768 -291 29 -523 -300 -41 917 127 -978 -788 116 -932 -754 629 -968 683 377 -326 400 131 369 930 148 294 351 -5 26 -559
[RUN #12 5 10]
-661 -924 309 -313 -315
214 326 265 -924 -524
-703 613 -216 -273 107
-203 -81 -594 425 264
924 199 -750 852 751
464 602 736 770 -556
-867 -308 -587 833 -684
91 505 564 -758 -341
445 -814 434 712 716
-744 934 861 958 -909
[RUN #13 4 10]
541 -539 -63 -480
116 216 -52 -482
756 -39 -50 -640
-85 -786 -930 -461
-859 520 88 -693
632 -367 -726 -257
335 624 -699 -463
54 814 620 935
812 -895 748 126
-587 169 -790 -662
[RUN #14 4 10]
767 -995 -684 834
-173 654 -672 613
-313 731 366 797
-810 -775 441 372
282 424 294 290
-542 -915 -734 572
755 915 311 -364
-570 376 107 304
-855 -900 944 386
-272 -463 -626 864
[RUN #15 3 10]
293 750 365
498 -548 -973
413 -99 515
633 561 -819
-263 733 -673
441 253 -47
633 782 374
557 -469 -386
-411 -651 13
205 -226 -459
[RUN #16 4 10]
-23 -68 -497 -92
-432 -352 882 813
357 395 -110 287
-267 934 283 633
-443 69 826 73
-330 895 -792 595
-300 211 816 684
413 961 111 394
448 -842 536 -584
-891 -727 972 -27
[RUN #17 5 10]
-895 700 -588 -492 730
-484 169 -636 60 -879
-65 169 -473 -571 -908
-5 -340 751 310 653
394 956 22 -194 -646
472 811 130 682 -866
-75 245 -747 297 604
-375 707 -762 -575 -194
851 -582 -188 564 -190
591 105 736 836 398
[RUN #18 5 10]
-190 -136 609 863 394
-568 725 -338 -723 -407
103 523 -285 -90 923
760 712 469 879 -396
735 -597 -885 -277 563
325 814 51 500 -703
893 -482 914 76 -585
364 -583 139 56 -689
-724 -124 333 535 -582
-111 -417 -724 332 -482
[RUN #19 5 10]
-769 -13 -530 536 -737
913 -434 969 -328 -481
-696 -416 389 148 -316
-252 -479 -970 624 -162
-324 -788 -247 284 -268
461 -575 -388 -788 -693
607 914 432 -840 -648
-922 143 347 624 318
-120 -60 -384 -228 493
976 401 -181 -910 646
[RUN #20 5 10]
258 553 -31 -770 961
-801 424 694 -764 -905
-908 602 230 3 -910
-590 -661 670 -375 818
856 -591 643 -147 251
219 696 -878 -925 451
-890 -496 -270 -152 919
65 -193 566 -102 -460
684 187 137 -504 382
-830 -637 -320 -2 -976
[RUN #21 5 10]
349 -490 -871 -140 -502
590 -433 -413 -739 -819
-591 157 996 56 152
481 -709 -812 -471 -731
-473 -364 345 370 -775
-661 -723 562 703 752
-374 326 -280 442 467
805 170 362 -54 -365
663 879 454 -342 -945
-107 -592 -164 78 -356
[RUN #22 4 10]
80 -638 -713 413
979 -787 -894 746
817 -740 913 494
309 -855 420 227
768 652 -311 -71
125 162 -52 530
-488 352 29 -357
-999 -744 -346 779
-434 752 959 672
769 -616 993 593
[RUN #23 3 10]
-39 -678 -264
-541 988 -948
366 502 75
806 -781 719
262 -748 -860
74 -940 -2
-95 650 -83
838 -985 299
-81 -406 761
545 -170 -752
[RUN #24 2 10]
-16 465
135 72
-53 -500
686 24
1 348
400 833
-536 -488
94 -936
702 -743
-734 204
[RUN #25 3 10]
147 -389 663
804 -816 460
603 -166 -902
130 -452 640
-793 -137 -896
-129 -831 -944
-900 147 -397
-20 -376 -111
-697 -311 -436
947 -180 402
[RUN #26 4 10]
344 -910 800 -499
367 -449 -806 818
156 133 -290 -495
773 -725 959 862
918 539 -164 743
-326 -907 -267 516
752 -904 622 169
993 -435 13 -417
859 -689 887 -411
-586 756 858 -465
[RUN #27 5 10]
254 -213 -550 181 -599
-520 772 404 918 -836
756 -445 232 -119 233
356 0 125 -549 -362
-909 -634 -2 -959 -718
744 -856 -664 417 -701
-513 916 -165 285 -765
110 -413 42 656 359
120 -491 -463 -500 -776
-591 961 263 956 666
[RUN #28 6 10]
83 910 -499 -6 632 330
-939 -764 -885 217 534 78
-156 -618 884 604 402 -870
-688 502 -539 -839 834 -880
-535 -516 985 948 304 800
-120 -364 -558 -537 -199 -727
-712 613 -587 433 711 458
708 -491 -662 -813 785 -28
136 -898 -302 -159 563 880
782 593 550 -924 999 -591
[RUN #29 7 10]
-200 -117 -335 991 -585 -325 -231
-8 96 4 463 -89 -114 -96
162 -677 852 -533 -723 -719 -349
-641 613 389 -701 -352 186 59
611 -782 -988 -370 -558 339 725
-731 -504 472 930 -501 -22 984
436 112 -202 -480 774 186 -603
-355 164 -63 -1 -206 -268 66
657 111 390 -890 -776 -374 -317
195 -396 604 -305 955 98 847
[RUN #30 8 10]
551 -601 928 -111 141 547 462 -417
-848 -795 468 -894 767 -813 339 562
87 327 848 -308 -25 -433 386 501
-903 -788 -79 110 -749 -519 538 495
-691 -215 -688 -55 270 525 -948 57
-608 207 -609 -46 791 884 -48 401
-664 -916 -482 -791 -230 981 -466 710
702 488 966 417 -996 -902 -620 -535
-577 6 252 712 327 722 -841 123
962 -503 753 343 -331 -414 24 649
[RUN #31 9 10]
-83 958 -411 -842 -742 -957 672 87 -4
514 -673 104 -139 635 -284 -805 793 -153
8 -634 -105 681 121 501 593 455 -358
-843 -840 -38 -362 -317 727 936 233 -684
585 -841 -442 -707 198 619 809 -832 -581
988 -804 366 -648 -171 113 -387 -610 -64
-397 674 -990 -187 755 496 451 207 -704
87 51 -42 -562 518 -400 -573 -360 -297
618 250 189 248 980 277 498 202 991
894 -11 -78 -96 259 -521 -642 -93 902
[RUN #32 10 10]
582 220 904 742 664 -665 860 293 -388 -936
586 990 449 -696 311 -972 -364 -204 -542 593
-601 258 746 381 -522 -620 697 951 -39 -349
365 -949 -312 766 351 -132 129 -185 998 -354
350 835 754 -186 722 -887 717 -353 -339 -613
690 823 453 77 -496 -149 -221 550 -839 -862
514 -597 202 135 622 -53 -913 113 275 170
-763 -453 437 -231 225 256 -155 -161 -535 706
-204 -383 780 445 184 -167 600 202 -24 -618
745 590 -557 -565 -798 -930 -595 3 203 -870
[RUN #33 4 10]
437 -588 -482 858
-876 16 91 580
-582 -373 384 216
-493 100 -418 -833
872 334 968 -706
925 426 145 132
-88 -698 594 813
-352 -241 -229 -894
355 -851 -946 -937
453 -54 -687 750
[RUN #34 2 10]
-285 -248
138 -267
187 512
-637 743
-287 228
728 18
-388 -770
-845 -937
583 726
229 748
[RUN #35 3 10]
-386 -684 779
-216 -845 -285
-265 644 857
-65 90 -752
805 -879 952
977 70 954
525 510 -775
-169 316 -970
846 647 373
771 386 583
[RUN #36 3 10]
737 -984 851
912 -621 -651
44 546 345
594 -490 -607
-14 598 704
678 631 378
94 819 728
626 -315 656
-34 -488 -909
-692 -935 480
[RUN #37 2 10]
-285 535
281 -367
161 685
-91 868
219 920
860 -781
352 249
-278 790
807 -72
116 512
[RUN #38 4 10]
696 -842 42 -147
-380 640 -509 -755
-357 330 631 -503
462 71 -342 -602
-221 523 895 -853
398 291 -24 -657
808 -638 602 447
-720 -987 -98 693
374 362 762 857
-139 248 294 -962
[RUN #39 5 10]
297 439 543 -610 988
699 -89 -541 339 -242
-583 -566 -662 146 -363
581 379 769 670 -71
64 822 45 -657 -347
567 -158 -935 -298 -538
-743 675 741 156 -60
-295 -921 -647 -685 -743
-518 -540 293 608 298
-486 -910 537 615 640
[RUN #40 6 10]
53 -858 -238 604 175 185
-755 -310 999 -474 -758 -558
457 -147 -379 607 763 -852
-877 696 883 -956 999 -186
286 -42 212 257 106 -482
-969 628 820 723 -362 288
794 633 -655 -499 337 176
157 865 -319 775 223 -453
647 81 944 -997 442 -53
577 -862 833 -998 281 95
[RUN #41 7 10]
-357 912 -536 15 -252 -393 -649
-918 -151 -474 -524 -113 11 625
-566 -772 -51 -568 -54 -669 47
663 -113 457 -409 -360 79 599
218 449 358 69 -932 900 922
-745 -301 -511 -956 974 64 -966
129 -481 315 872 -322 582 340
-855 -152 156 -167 -427 33 662
-794 -35 196 427 591 844 17
257 -872 645 677 -737 632 -825
[RUN #42 10 10]
652 -237 -230 -163 514 241 114 -596 333 -26
-307 305 767 315 618 -171 -700 634 662 -115
166 -313 -159 408 749 -2 771 -663 810 -879
-472 -801 -672 -331 -706 -36 -743 -516 -427 -470
983 494 812 -262 311 907 -922 265 408 277
-625 -895 -501 -618 -939 -337 34 -702 -503 -985
280 464 658 -305 -885 -381 -406 -400 301 509
108 828 -113 -424 -978 364 -778 -639 995 562
712 143 78 -621 -961 271 -858 -339 282 118
-681 593 496 35 717 347 -471 119 569 977
[RUN #43 120 10]
-80 65 -407 -419 -135 -474 158 571 -566 763 -52 862 -386 -207 725 -128 -871 -852 332 -232 428 -580 -19 808 -9 -885 -660 -383 -267 452 335 -568 -798 251 -781 557 336 -423 -161 -602 891 -942 801 -949 -451 -666 -983 -936 205 88 430 -166 -729 376 -565 438 117 -546 250 -680 -873 -379 -444 460 -53 852 831 253 873 86 -228 -536 530 -277 830 -759 -125 -586 403 -453 -814 663 55 -309 -678 -496 21 543 475 -579 374 -323 -189 382 -785 -373 885 -514 -668 634 -116 -211 -806 69 311 -271 -686 -899 -991 113 972 347 -157 721 766 -746 486 -498 -392 -522
106 -461 -929 373 -831 -70 -644 -410 981 -885 -895 513 -682 -116 -734 848 -42 -935 -347 -764 587 -961 958 365 -958 -321 488 -920 707 -183 882 690 -974 631 -780 469 -32 300 233 -51 -634 -391 686 -109 -742 -22 343 887 -979 -959 -509 718 -656 -452 139 224 -263 -730 -366 -923 614 -67 -255 458 63 339 403 491 415 311 670 853 806 928 585 -584 -593 -177 -88 -901 258 221 -113 -894 368 -126 869 453 911 -291 -814 787 -386 328 -448 547 511 933 -295 541 234 61 64 -233 -931 -488 -267 870 -304 -331 -29 -319 484 12 -523 -320 -435 88 -426 986
250 -742 860 608 -109 -443 932 -715 -10 -20 -6 622 303 328 925 -564 -42 356 859 -374 73 239 324 -514 -896 -58 -908 147 411 947 609 720 725 55 -815 -410 315 -135 -857 -80 651 -898 82 -422 -237 605 492 897 676 782 275 360 530 -19 -843 935 -255 -793 -870 212 -797 823 -235 769 257 -174 963 -68 -71 -985 833 -254 590 -99 -452 284 587 -475 -228 -183 -988 -606 154 702 869 563 853 610 477 366 -386 722 380 -383 585 998 753 -284 -290 576 -456 -725 251 -964 318 904 602 -954 -482 190 -638 165 -801 614 -415 64 510 -653 -120 771
597 966 -178 719 -947 378 -344 822 139 931 -467 -804 900 894 -169 592 -790 -788 -429 -673 672 -563 -397 16 856 -271 125 669 465 383 430 996 -530 896 -424 -567 607 -241 560 957 -869 811 -997 48 -432 104 -310 -47 39 -711 -956 -631 -645 -221 -110 -674 -704 -570 -808 525 -253 -133 534 89 959 -459 -86 -854 150 442 870 -194 -247 636 -531 925 641 -746 399 -925 633 -102 -994 -84 401 5 803 818 -513 -131 665 -457 360 -890 875 660 -39 -709 765 42 279 -635 686 -761 909 -507 568 -257 -907 -689 -825 -117 18 543 -482 -740 899 -747 753 311
-354 -64 -698 -654 -524 -614 -11 38 -412 -953 -867 -936 -799 270 -194 52 905 -258 513 -342 615 -163 -437 -102 681 -800 666 70 319 -336 261 -223 840 -393 616 5 684 370 -254 -955 989 -373 -502 257 186 -340 433 -807 594 -911 340 -281 476 23 784 -549 918 853 -376 576 -749 -498 -909 -467 -599 -156 -449 -317 -860 859 -178 345 238 950 -122 -509 167 -546 966 -979 18 788 322 -888 336 -174 293 -20 475 -996 990 -81 764 916 -935 -77 391 -228 438 858 -827 667 -649 -563 900 572 278 328 -901 802 -161 -684 478 -69 -441 -259 -528 865 888 -950
797 670 -622 -793 90 109 188 -36 -70 -824 236 567 -530 520 827 969 285 -45 -832 386 -407 -895 -857 181 959 367 -600 625 -663 107 288 -69 759 -785 312 -304 -906 378 -329 -340 357 886 -850 -955 768 270 247 607 249 -64 -706 620 -344 425 311 -942 79 -550 -441 -886 -114 -37 194 -408 787 525 -385 -276 -616 -548 695 -978 230 -640 -30 99 -934 -167 21 -738 -11 966 -549 -287 -184 -158 -598 -721 -514 -479 366 -574 -798 -629 -369 -939 -188 -576 7 -986 243 111 -320 -894 -143 -980 -389 942 544 -175 875 -156 -680 -414 -116 -280 891 941 -569 -745
972 48 134 613 -143 704 471 870 -150 -89 459 -804 -633 178 -17 407 -72 -522 25 -864 -474 -285 -769 506 -812 -103 -331 -958 -102 -43 789 -97 562 -187 -540 -608 266 531 -168 760 -639 256 -140 727 967 -415 -355 592 -787 838 230 -518 -976 -113 199 -190 -613 921 413 989 797 -78 93 -689 -301 732 110 -753 728 280 826 -9 -816 558 908 633 -167 793 -845 109 382 398 658 -953 154 -395 987 184 626 -923 204 -116 -404 685 515 49 896 618 365 -690 761 -401 -899 -280 -948 277 -903 -337 -185 78 357 -48 -810 -900 -56 477 -30 -216 888 983
-164 275 189 -20 -703 950 -286 -342 713 -801 -309 -939 495 988 -24 391 468 262 16 -123 548 476 -182 503 183 831 99 750 -512 92 575 -370 -111 382 -998 -455 -438 703 789 469 -5 -321 -251 541 -267 827 -340 -114 602 229 -405 968 475 -678 -831 -830 -45 79 -892 -668 -308 -51 917 -675 294 451 531 839 -71 489 685 -16 -636 -542 357 920 135 -360 -651 -265 -283 -641 -299 -475 563 -600 850 -521 -856 652 -215 -394 -762 889 -81 304 -995 576 -285 -95 -940 -206 -349 -439 -36 -297 942 926 -122 -98 -699 259 -32 -287 -867 318 10 -992 -720 397
-108 464 -400 -972 -987 193 232 424 -12 935 -127 -893 125 -454 -367 -109 -814 -76 -956 -179 634 -615 255 496 816 -875 686 623 388 -823 -112 951 -208 534 -229 96 654 -660 545 236 -337 -829 -835 17 800 -876 848 -563 -496 248 -899 -88 -880 -661 -960 396 402 563 -328 141 53 -183 -267 481 880 883 433 -269 -842 571 88 892 785 600 -268 960 -653 -887 300 529 162 724 674 472 -204 706 -674 -534 -593 588 -854 -358 -953 -110 153 585 695 -144 544 -175 927 -935 -752 614 882 -892 807 -95 609 442 86 -414 82 320 -526 -912 -201 451 -944 291
715 -577 514 -774 845 -829 571 584 -672 -134 115 137 521 602 -161 -598 -639 200 855 562 440 879 676 847 -585 843 -95 902 888 -438 -266 476 -527 603 191 -735 -768 545 -142 387 761 -102 93 -837 -352 778 120 -967 -539 587 206 718 -11 504 -722 -667 -864 -39 215 -239 700 -56 -969 -615 294 78 -976 382 -279 790 683 -817 -816 -643 666 -229 -932 404 -32 559 -185 -699 754 -63 -794 -316 -895 -887 204 851 618 727 147 -202 531 -444 539 475 -33 -332 132 -988 464 537 673 -525 775 -646 392 271 662 -503 374 -725 -677 492 -149 913 258 -363
[RUN #44 100 10]
-574 459 -653 -542 -998 672 935 528 -535 426 -913 717 535 744 280 665 -158 309 743 855 -881 -504 -185 464 -930 -745 -714 515 -966 253 192 429 -506 -481 368 395 -485 -737 52 129 896 -717 -590 -432 -800 625 -678 989 163 219 243 -444 -332 594 -167 782 -507 -479 -914 458 122 543 854 -198 27 936 263 98 -832 511 370 158 911 -519 -780 519 -232 -503 -61 860 -777 734 832 836 -384 -562 -245 888 418 -556 136 753 -201 -250 689 512 355 -389 -799 -648
948 -143 -742 653 -339 -363 860 878 200 936 209 -917 771 8 823 -17 -845 -856 778 -887 -861 807 227 237 -161 762 275 965 620 -169 -279 179 -370 883 640 38 -824 -796 -836 -745 -282 -741 -331 -567 -628 -691 228 1 557 -738 117 -19 -102 852 -63 263 -950 -803 -456 521 205 534 -874 976 -85 875 -552 -834 -722 856 -616 560 -316 457 719 952 11 334 -884 -336 -478 -346 174 -99 989 -853 -310 -442 -612 52 -356 71 804 248 29 -507 364 -368 -426 870
-928 23 559 -11 -536 951 756 -207 -579 629 -608 386 -605 -324 -594 303 229 130 76 -998 -259 180 307 -393 -255 -797 -411 80 604 -196 702 441 -640 -739 639 418 -481 -895 417 -789 979 -688 228 966 273 -715 -78 -945 -956 -136 1 -460 -561 -542 152 941 -526 -519 -374 570 -953 434 -946 -315 -72 260 610 -905 -46 625 -923 584 670 -706 845 -577 431 522 320 253 -410 952 162 -521 -332 -409 -267 -921 590 -334 766 677 -826 -784 18 158 277 -677 963 -44
23 -783 57 -160 236 -735 -622 -605 823 112 -270 -93 34 188 -269 90 367 -249 355 697 604 -276 265 694 -670 185 -397 115 894 974 65 156 307 -174 -660 618 -307 -331 299 -726 819 -852 -791 153 -441 -233 606 -474 -963 418 534 -626 841 -430 758 408 -195 2 157 993 -596 756 -886 495 620 74 -477 -929 -601 -699 617 738 362 198 702 728 813 570 698 826 -864 605 -72 -681 474 -340 545 155 -5 468 -47 -961 724 -894 -417 -662 298 -467 -169 -392
955 -42 591 -298 925 372 -247 422 -532 451 -222 -840 520 -561 416 847 -351 337 907 236 -537 646 43 -922 663 927 -137 -970 114 63 519 923 926 -776 693 65 -870 461 -806 -809 -352 -95 -469 -276 -917 -680 -825 -471 604 419 117 753 -708 724 84 -342 82 -30 557 799 -277 -933 -653 816 736 -208 465 -32 386 247 88 -600 -196 -745 131 -440 633 203 -975 -359 -293 21 -974 -164 885 424 -287 -522 439 -374 -231 -848 653 -267 -295 -185 672 -669 -139 -171
-114 -861 -435 -313 -680 868 -704 847 -399 929 889 158 -45 -41 935 -117 -524 320 971 945 429 740 -12 229 917 153 -874 -728 -102 -556 99 650 -715 -686 687 -626 -915 -217 696 42 275 -568 -413 622 -14 958 64 -5 -491 -630 -631 76 -58 -268 -68 -908 -809 946 -436 -724 -521 -492 -895 -875 -887 980 998 -502 -649 439 173 69 -501 169 415 -868 6 -815 313 -600 -420 500 35 -612 -71 498 -817 212 788 383 -141 676 928 459 -714 -620 686 862 -656 707
790 -54 431 982 277 50 9 -961 763 215 -792 -913 871 -714 68 -909 996 -347 -827 -970 263 224 479 -242 -580 -515 -130 -152 528 -20 744 -311 -88 -329 721 -359 -253 -828 556 623 193 -431 -319 -327 471 539 827 -878 -728 28 -893 -917 -128 -880 142 742 -904 -597 -807 711 504 -601 -701 54 -635 -332 470 2 -594 265 663 -272 881 642 387 49 710 -557 868 -619 806 -825 464 -922 -996 -458 807 -812 -884 -660 -203 -163 282 -497 -444 -973 254 -67 -30 -709
-347 305 -137 111 564 847 926 -875 -854 951 236 -196 558 -285 -904 980 -277 -972 -350 506 -151 -4 729 -83 243 802 -382 318 257 -367 90 -897 -370 -332 -221 839 626 -457 162 901 946 -643 634 -36 494 -746 -569 -274 836 413 582 -291 -490 711 -297 609 831 251 -681 -183 -962 556 809 -372 -260 372 -927 945 296 -584 201 444 205 -839 602 101 -937 225 -26 -283 797 -918 -412 881 -935 116 584 583 -958 -971 774 290 -582 -441 680 -360 899 -663 -669 -807
215 -770 796 -570 -465 926 860 -839 256 -339 -450 205 345 639 -132 -985 -565 -325 -647 912 -302 980 -145 144 842 347 511 665 -748 726 -611 831 603 -90 363 -351 -733 933 934 666 -313 840 -825 -415 -60 441 660 474 -142 -338 -253 -212 978 -231 -690 -954 -820 227 -82 -581 -749 -918 135 925 157 -106 -566 712 -989 342 767 527 -73 21 -908 -416 14 782 128 -45 -845 -944 -499 -910 -281 -358 601 -139 -652 -410 771 684 265 413 516 -220 518 544 -43 -589
756 -844 -745 -369 188 -649 -677 930 -357 -373 829 819 445 154 -602 -792 -783 -694 414 581 -374 -796 -504 364 284 403 -572 815 -376 687 583 12 383 -524 -176 606 882 -441 -85 -439 190 204 522 365 377 -644 -720 161 -92 -458 -525 958 -774 -513 493 824 -600 494 763 63 107 -362 -210 418 -925 255 478 -473 306 330 37 539 87 -12 24 -475 683 927 -632 -168 -303 280 -54 700 -293 -368 -959 -503 -550 -206 -343 777 -923 -772 -417 -153 -607 836 -942 441
[RUN #45 50 10]
-454 593 610 -875 405 157 -395 -677 -286 558 -982 848 79 594 529 622 -781 -53 -643 356 -924 959 378 -203 736 -295 -764 229 890 169 804 -609 402 539 887 352 328 206 -774 -628 783 -342 920 640 -675 793 -493 251 -26 958
967 938 -891 899 -729 478 -488 -746 -247 -322 -163 877 -44 329 -722 -820 548 337 455 -252 -750 -293 -717 -994 977 -49 -743 163 295 -857 -127 680 -241 536 -939 -331 639 -352 45 -829 922 -645 764 961 454 -198 -454 380 96 -709
-987 -350 -539 -57 -138 66 82 990 -689 -94 26 292 -777 222 499 -756 -909 414 598 -470 -878 -487 313 208 -672 -120 -171 654 906 791 -497 -787 -707 368 -418 -308 891 -639 -141 362 3 -468 985 -530 605 320 807 -382 -605 -413
91 827 862 -701 776 623 362 845 487 -990 551 204 -540 -971 -837 -564 472 -818 -977 669 49 -211 -851 590 -945 -153 -759 616 -74 566 -684 -980 -776 352 583 -247 791 815 882 183 659 81 -13 -300 215 558 -640 -799 177 -370
-214 234 171 502 -803 -192 76 -30 -817 -198 872 -568 -180 -927 397 -262 -848 -892 -881 -482 -809 615 -871 851 -216 956 788 336 711 -239 27 738 153 -316 -144 334 833 -303 -940 -333 -652 458 -354 784 -816 387 -92 781 289 899
467 948 100 671 -697 430 305 442 963 -458 -969 404 106 -430 -973 -365 -187 -204 40 629 120 526 824 897 185 517 -980 -420 148 -50 -941 36 -683 -876 155 -344 693 84 167 231 457 213 923 118 -651 164 -378 -151 -847 -800
593 -208 874 780 533 -881 395 -900 743 597 971 775 422 -421 964 553 -269 -853 -8 46 -476 -196 -164 578 659 -540 -365 -378 -672 -508 -57 418 -310 302 98 93 866 794 -488 532 56 527 290 -157 -858 4 370 7 -284 754
-15 -2 -339 648 849 -901 -966 715 -185 -145 293 824 -645 680 -508 -592 633 460 -391 -534 523 -372 507 -442 -611 891 -241 -8 -23 334 -840 -1000 -115 -298 -369 -626 933 335 383 -514 65 688 206 336 -486 -680 -890 -179 744 783
-801 720 533 86 167 474 937 399 993 464 305 -557 -287 -157 -796 748 -146 615 632 284 648 -249 482 -909 1 177 -640 624 -750 640 855 -894 -790 5 196 34 291 355 99 179 -58 985 922 727 343 294 -170 -870 605 702
210 -263 -574 774 -74 -256 379 16 96 -361 -879 -928 377 -614 -980 -826 -382 489 -497 -320 -429 -227 -145 246 -995 -184 -785 930 -1 -998 -638 -885 -527 813 -567 954 -865 -39 -766 -647 -356 164 -82 -690 277 748 70 -641 990 -583
[RUN #46 60 10]
42 152 -665 -907 105 603 -172 -161 809 819 85 556 -839 275 -660 324 400 567 752 -169 -587 531 -90 -944 -16 849 -481 -340 -308 -168 -916 178 -411 -472 -421 994 -317 -741 850 -954 253 92 41 405 204 975 592 -52 247 594 -752 445 -919 941 -209 331 -199 -335 -695 622
-152 -389 -914 -430 -618 694 -773 -682 -241 -753 -537 278 -295 -651 -117 628 -282 262 -203 -935 -456 428 678 445 -901 194 -451 881 -495 -320 648 -216 -791 -845 768 600 -375 515 -923 -893 8 -44 -688 736 -12 -503 -542 -965 906 972 376 193 -950 449 -17 -126 150 -607 941 848
-172 655 -467 -778 928 585 -822 686 -196 -451 -305 -819 290 -859 758 864 106 301 146 -175 -518 -83 118 -452 527 124 438 998 -943 -362 659 999 337 -848 -951 -2 -954 -288 555 -773 591 191 233 634 66 956 358 102 -391 623 -532 577 -90 -657 565 314 -558 -463 965 -689
646 90 654 795 -421 -372 759 124 -48 -17 -170 264 47 976 148 -32 633 278 483 434 600 -855 821 -314 -683 973 -268 -583 193 201 -450 -430 989 -18 954 -78 573 -989 85 -560 -244 150 -846 -192 530 -933 849 -682 -432 -523 187 -619 -637 -462 12 911 -708 -525 -442 147
364 -615 361 330 69 -683 -645 100 -545 717 -792 652 232 832 -290 649 87 -664 -716 498 -101 -893 123 431 442 -829 41 -246 130 399 -855 -946 -717 -889 -461 783 -276 317 138 276 -419 450 547 -268 848 -700 122 -850 467 -183 496 524 71 -529 778 994 831 -967 -378 834
-20 849 84 525 194 -25 782 -130 310 245 264 -718 678 43 -885 317 -221 -853 -656 374 -45 -552 -122 907 -492 103 235 -936 755 25 -540 820 572 340 -463 412 779 304 -535 -801 -495 503 256 -494 -401 513 -950 -24 -436 -910 -991 811 -75 -320 -953 -486 325 -777 625 675
742 -537 141 -778 -568 455 938 -784 -84 -552 772 833 -1000 -994 -873 -154 421 286 -762 0 -403 377 -806 -243 -897 -572 15 463 740 320 -314 -463 221 -901 586 307 628 187 822 560 528 294 -202 210 -574 919 -380 25 95 -71 624 -622 -738 -423 790 -39 93 665 -176 837
364 261 -454 526 -307 22 -247 -957 -978 409 -526 -205 825 -597 -170 971 996 -322 912 -345 259 258 -460 -644 400 -872 -233 -130 -311 437 480 602 -762 698 -501 -479 -200 8 -974 727 -775 952 -187 216 853 -369 443 -549 -592 520 403 -972 -151 -270 -271 -69 351 845 412 -686
-822 380 311 648 -713 -562 573 -573 -112 -790 743 608 888 -522 -729 39 871 -43 61 -795 8 134 -219 818 515 625 212 826 -300 -936 436 -165 900 477 373 315 -227 -256 -134 965 541 353 -756 -409 95 182 701 50 693 544 -466 312 335 -50 -453 -906 -565 130 915 551
894 259 962 41 -735 -983 -185 528 -117 95 -975 -100 -27 928 -990 -861 264 941 409 770 837 -437 815 939 -734 402 502 96 -355 854 -991 248 -813 591 -703 -869 -44 740 -176 757 -777 -550 328 575 -556 255 -806 324 -1 698 -462 329 -429 508 -829 -203 836 -843 258 16
[RUN #47 70 10]
713 -661 -919 479 -598 -839 -771 620 -543 75 45 -215 -374 -900 461 -209 -440 899 167 304 333 -766 925 354 -551 -498 431 217 19 68 -984 913 440 -351 533 419 237 -145 260 -46 470 78 -607 -22 -477 -943 -497 292 -457 171 273 -888 182 -123 -700 281 960 -121 -192 305 321 293 30 871 -404 74 -266 40 -278 -669
-840 323 665 567 -512 721 605 709 -456 -14 -248 3 -455 -295 436 74 221 -84 -707 907 -689 428 236 677 465 -761 -515 -741 993 656 541 -459 295 422 88 -939 693 232 -865 -294 -93 -63 -42 -385 260 980 -946 -68 80 -581 -476 427 -1 109 -403 -750 -293 542 -672 379 37 -129 -446 385 433 780 692 -79 419 -541
-104 567 904 -625 272 498 -484 835 551 705 -27 -962 -451 357 -568 259 -298 -195 -164 -357 478 -852 944 -798 -81 253 420 489 298 -797 661 617 -497 -292 -180 -618 424 344 459 -738 644 -514 -654 -648 927 -425 -761 -991 978 -493 -631 806 721 -750 877 -643 550 446 332 -76 -947 140 -162 632 -206 804 -151 -838 -914 988
113 -352 889 -697 -157 -118 302 963 -304 5 74 666 515 343 518 737 -240 -220 974 587 -245 496 -62 651 964 -50 -300 -366 -198 -129 848 504 -945 -532 -730 807 729 297 885 165 -554 829 472 180 69 -288 28 877 786 921 -369 -935 -55 -9 793 -248 543 -282 403 169 -536 431 529 -132 -22 931 396 -326 891 820
885 -364 -105 28 944 -391 -95 -935 -778 -579 -325 260 274 -566 -295 -147 -652 -204 -352 -296 -978 -29 -701 -405 -844 -767 271 -825 464 606 -331 474 584 161 476 920 -845 532 708 -760 -942 -446 223 991 -270 -362 -198 456 -279 -920 422 442 -519 636 815 -847 505 -947 254 -791 -437 -262 -176 -180 -287 706 950 491 580 391
565 149 -621 473 -860 -817 -762 -778 938 980 -312 548 -889 483 -945 453 -592 63 -946 975 382 492 490 393 -39 702 -502 912 -338 216 -799 828 -981 -933 -268 -885 -160 566 186 364 -959 746 253 652 -228 306 -454 773 -670 -887 -897 626 -726 -742 -86 317 533 762 725 15 4 343 -445 297 887 625 -973 295 622 -931
-5 -35 326 -151 -661 602 -801 118 -874 -725 -22 128 -425 750 985 250 713 956 -761 -697 -443 -45 515 -124 -256 361 -111 937 33 -786 643 208 897 -507 -835 593 133 -745 -963 975 718 510 -122 -885 -94 -916 35 597 -158 236 -333 453 -686 503 352 -751 17 699 -955 -566 449 -893 362 -112 -315 333 538 -477 -868 312
-321 -40 852 -984 -520 496 855 667 -333 -328 866 -471 -137 -234 149 -970 458 -873 344 -644 -865 -306 -677 -834 422 587 -184 702 528 489 918 643 -510 459 516 253 592 -94 -563 -491 411 521 26 -735 789 321 -584 -122 832 -566 342 466 27 -681 7 842 86 -65 -432 -685 -175 209 -142 -44 835 540 356 48 -741 -633
196 162 497 276 -56 95 973 -604 6 -88 -144 -790 45 678 -492 600 785 -231 629 100 317 874 301 789 259 -523 9 360 942 -272 633 -758 -180 -477 -846 -315 -741 931 -199 739 -780 -898 361 701 -369 -570 -211 -805 -767 14 947 -174 858 492 180 -952 -70 -890 -613 10 224 250 -934 195 961 -123 490 502 -719 -561
-365 -185 -332 787 -529 822 207 -325 666 303 150 519 -486 -180 211 495 -501 -809 809 -881 -237 208 -254 -867 -363 119 529 -682 -547 715 -112 -196 -830 -197 -7 -815 -131 -590 779 -285 -724 -807 784 735 630 -231 155 348 -540 -574 -631 845 804 728 658 -141 -257 812 59 478 848 -675 426 -73 -134 -788 220 -914 -437 170
[RUN #48 80 10]
655 606 -388 838 -689 740 969 -886 407 453 388 521 -720 -222 -934 133 -773 283 181 30 -779 -124 -677 -487 -30 -483 253 121 183 476 -426 768 -725 105 -290 541 571 532 -97 -108 -306 -369 642 686 -348 897 -193 914 931 -673 736 78 -744 -718 617 670 130 -607 954 -767 -421 471 -675 -803 -152 999 767 -615 -476 412 828 -915 -887 -621 836 -280 -581 -20 -659 -982
-717 -740 488 604 695 -149 638 -554 -544 554 16 -223 -400 815 245 -687 -311 -413 778 791 -365 622 -527 963 529 177 -769 -874 975 851 868 997 681 472 550 282 -855 609 -706 -767 236 -299 676 287 906 -722 443 874 -384 -955 56 337 -12 -344 781 115 -736 616 -808 728 917 414 -699 -996 -37 -989 411 -541 680 263 -861 701 449 -988 -268 731 -917 -781 -714 -547
-373 -297 -967 120 242 -353 -640 447 -415 693 -548 -550 709 562 167 -59 -279 472 178 742 994 534 12 -332 843 626 961 -296 867 -194 -625 -768 -871 -626 -167 281 -847 633 -100 -18 -318 -341 -602 258 -188 -605 932 920 -98 28 -431 240 962 383 -593 451 -905 377 -788 -423 -842 481 927 -253 137 988 -399 -320 -165 366 -350 -337 594 -670 315 -44 -510 368 -16 -81
-593 989 525 -609 -836 58 618 -734 148 466 -731 770 -739 -922 -939 459 223 -281 60 99 -565 -891 -410 -615 -971 -957 81 -914 147 -628 -852 568 103 412 -400 -94 -810 570 421 500 -292 -264 -530 429 -285 31 105 -413 -321 -912 729 205 407 686 -176 -248 -923 507 240 791 -412 241 139 945 -982 441 433 -234 -275 867 98 411 -701 -793 531 769 166 -348 -998 604
656 -270 877 26 -912 336 -348 566 -698 -933 -104 769 386 681 353 621 -603 840 -898 -802 -721 219 457 -477 -884 -232 174 -225 927 -322 186 507 596 -935 -81 161 -859 -605 -983 -57 -878 -964 324 666 -143 -138 -174 78 -573 -199 -455 -402 -254 -967 -720 674 -464 57 -818 795 775 -304 -547 181 368 -830 -890 -733 602 -866 148 973 484 -801 463 279 -196 -239 -362 294
777 474 973 -100 -652 -602 -109 786 725 -144 -337 -796 -899 267 -422 43 -133 994 -955 -246 -83 473 739 -506 -605 458 857 -180 -214 -87 699 -853 510 587 317 103 914 635 139 0 -86 -660 -398 -345 637 2 -934 -271 -79 -583 -515 542 -508 -267 616 844 -689 -792 -33 -892 -6 -939 -937 863 -876 -828 -560 881 -610 -906 856 846 751 958 196 -757 -203 940 -665 205
-276 -145 -284 -813 316 105 541 -797 388 172 694 -624 -888 769 859 -427 -88 -933 534 780 -804 -138 317 -577 -321 -503 -67 840 674 685 -807 755 -887 -647 531 -254 -230 -677 855 118 203 -453 982 854 -298 -142 -584 735 -603 728 319 -111 -379 278 8 -381 -336 -919 569 -716 -655 -363 -225 -818 -512 -507 712 -74 965 -904 59 437 167 749 727 25 -620 -829 -542 -76
-353 -210 401 -469 -932 503 687 -74 59 116 -285 -663 889 -19 -204 -949 -262 867 -185 249 -773 -637 836 691 402 133 354 10 284 944 -308 -144 -93 -455 -266 -534 767 -540 -880 -301 731 -104 -96 751 180 694 -252 -997 -409 490 762 14 703 894 -514 278 425 470 -37 -679 -411 818 58 554 -218 -2 -539 -658 -115 953 -557 -716 -68 501 196 374 -377 662 -466 -323
857 -219 -142 -58 859 -825 929 611 295 -684 67 920 805 969 355 -46 11 -890 111 -454 -224 207 939 954 157 -106 2 647 794 255 -404 294 848 478 -985 383 -326 309 966 645 708 963 -623 -297 1 408 -839 -835 -401 962 252 -711 202 -862 -75 134 -844 257 457 149 -139 -309 -389 -97 -198 908 -388 143 -125 -471 -382 482 603 671 -209 922 610 462 -177 854
814 266 291 -991 542 -304 196 -491 360 192 -706 396 736 -180 -261 -898 623 -470 -924 -476 73 -178 57 -751 899 -510 515 -159 154 -692 -821 682 -786 -807 -248 -171 -816 -699 -407 -736 517 711 -337 -723 -320 -324 -919 -116 428 322 646 464 -79 642 -158 407 557 -181 -581 -399 655 727 -51 -382 960 903 -372 -747 -305 -313 999 320 145 440 546 550 507 -499 638 -360
[RUN #49 5 10]
382 71 -113 -250 46
-739 -400 -625 834 -314
876 -68 395 438 -655
-108 306 984 -777 -380
-842 168 588 922 -498
-145 -347 857 -639 840
640 892 176 813 -560
272 133 84 -41 -590
-72 711 224 -308 12
931 -740 162 -190 -889
[RUN #50 100 10]
277 -666 -833 -912 664 476 453 -942 225 -258 844 -352 -192 -92 -429 59 -170 542 -507 -877 613 877 579 101 914 439 643 -691 -52 260 686 501 951 -261 -731 316 -865 -850 -757 138 -662 863 -800 -526 -320 219 711 890 -69 215 -689 -509 994 -480 732 35 -717 -522 828 908 231 -943 -562 -565 497 -463 679 648 966 -249 780 -292 -849 -93 64 728 -780 -383 320 -400 -402 -225 -89 318 -128 788 -734 834 -807 235 128 -91 230 348 -786 310 677 -919 -785 261
987 -23 -429 -748 345 -276 -135 -64 390 30 668 761 -901 -78 814 -432 840 803 533 -420 110 231 463 -462 -854 -932 975 347 -134 243 209 -656 -68 -823 -175 -176 -367 265 -606 -331 -475 -988 412 974 276 909 -668 460 74 659 -437 11 -954 656 -623 351 339 -444 -538 -38 -395 -310 -782 -383 621 -56 -785 776 -285 -871 -891 -660 710 564 -323 112 784 -868 791 -930 32 765 542 -724 -536 -937 48 461 -817 429 -717 767 766 34 -997 573 -190 -681 620 444
-388 -624 945 345 879 -564 -646 203 286 759 -930 -672 243 785 -887 947 285 583 971 343 -430 -694 -342 -190 -30 744 404 -169 801 -434 799 -829 -960 -46 -465 865 -223 -734 -800 578 307 -840 563 -638 -142 87 -663 174 267 -868 -201 55 761 -72 211 -616 370 330 -803 120 397 -355 -393 745 -325 258 -240 444 -582 606 -690 248 724 -742 -765 674 -850 -338 -89 -439 -11 -195 -998 -569 982 -784 -797 492 107 -625 148 269 -24 774 605 430 90 -785 -209 736
815 -615 -434 -877 226 -106 378 -153 988 407 915 506 -744 232 117 -982 161 838 467 498 -842 830 561 -247 -365 -274 327 -225 29 132 68 225 -47 239 -523 -336 -348 590 342 -715 -245 937 -98 712 -498 493 -139 413 -12 -691 -991 360 745 -175 474 -587 349 216 -802 -482 189 -793 -975 -807 -387 762 -131 -563 276 -238 -19 619 -775 940 91 -647 943 960 -51 501 240 -813 654 -572 -788 870 -214 -449 -157 -472 -599 37 539 -898 -712 -743 -798 472 285 -104
-827 -193 919 818 -898 -403 39 -816 -708 197 -60 -26 -434 508 414 559 -104 -955 -971 355 -969 -134 -938 -929 375 -577 -83 -948 -25 -776 -77 69 -225 572 43 -837 -701 60 675 3 642 819 154 998 -394 898 -772 -323 915 -926 756 317 -581 -283 776 777 -176 983 -903 -327 -452 -19 -463 -74 -612 867 -525 308 -601 80 665 -718 -45 -94 437 -408 -536 650 981 -937 714 -340 -571 -319 -453 548 88 271 -131 -295 830 267 -341 860 -73 637 -214 254 190 370
-108 -165 -485 -35 -466 -278 -633 513 749 274 221 440 -186 -799 620 -216 873 -742 -102 -940 294 734 236 -221 -228 -225 -425 -87 -632 389 548 -204 162 97 -79 -406 94 -249 -448 735 733 -922 220 -188 701 26 -786 478 -818 161 -655 969 -835 852 800 -949 566 -193 698 700 -620 -879 550 311 -962 -473 -612 -757 -154 184 847 -411 -580 -811 234 -820 -422 -676 -303 235 -309 86 516 -755 -150 -247 163 556 615 397 23 -363 -936 762 -114 -439 -872 476 15 -326
-865 210 800 -983 -598 973 -118 222 -873 -381 808 911 745 -864 19 647 436 -61 405 260 330 -874 628 592 575 844 -364 24 585 -890 -903 -635 715 216 -266 493 721 179 -337 211 533 -578 656 625 -658 208 -793 684 -278 -503 -197 -292 -374 -593 566 250 -933 346 825 -837 468 339 -489 765 -911 484 -971 548 -816 -514 -973 736 760 -271 -808 -144 883 -976 -111 -396 685 237 -827 -871 821 829 -955 -622 204 -277 -261 45 521 402 -422 137 595 590 -458 -812
913 359 -710 -361 -309 -567 -977 -199 -154 -151 886 -269 832 385 857 606 -322 -834 -194 -41 348 -244 171 191 979 -474 801 415 -262 993 537 900 98 -391 175 241 -514 170 -585 -122 -381 -795 926 -251 -219 -559 573 -919 42 -450 -619 465 309 837 -847 946 162 893 323 -664 -562 728 121 -607 -790 -12 -908 884 741 838 -208 299 -29 848 -595 803 -726 480 -73 297 -935 -62 -646 700 357 -649 -14 436 -56 -283 978 -623 -546 240 176 -297 -189 -47 -565 345
-332 190 195 -162 -605 -159 -748 -553 417 414 864 -167 -494 84 952 -106 -865 371 -220 722 301 993 596 -426 -540 -918 -307 -852 -151 377 -111 105 39 853 -354 549 -914 960 32 582 -971 -383 328 -792 487 -731 -404 -239 -902 62 -56 -155 654 968 772 -609 491 294 -964 -645 583 382 -481 -572 222 507 -306 615 -836 298 76 768 -84 16 989 353 -27 -969 -863 -314 793 961 223 964 -608 -591 -51 219 -45 -7 -580 312 96 -590 -100 -331 326 -107 869 426
-302 369 -248 -15 829 -688 363 423 564 455 -954 -225 -491 -782 885 -636 276 -667 -189 -133 -627 -514 592 589 -404 285 635 -517 -894 -684 142 -982 -154 744 952 -843 377 936 -851 -646 -185 -969 396 -381 -833 574 -599 465 964 -386 -887 -401 -102 -601 681 -23 330 -106 583 -655 190 950 -654 361 514 -991 -277 -290 -481 775 376 -659 504 -845 -550 -529 -710 416 -513 552 -608 968 520 -630 767 965 418 -199 -409 -472 -235 -999 482 -476 882 203 -395 -739 875 202
[RUN #51 500 10]
-525 -89 -179 -702 -908 140 -746 758 -428 -660 -82 -662 461 226 -291 374 172 -643 -408 730 389 398 -509 -447 -193 -155 -386 -330 -492 162 -522 385 519 290 -43 -421 538 596 -871 867 -343 793 507 -560 -708 -781 -675 -803 -557 666 988 -535 -216 -693 913 -986 -594 761 -37 233 557 209 466 -661 -791 -870 -739 -134 -125 -494 616 -81 129 39 969 -393 -71 443 -967 625 -227 -903 417 283 -782 -413 -915 -981 -241 348 826 -751 864 -929 -422 428 838 -950 -800 -941 -621 -102 521 998 434 178 -190 816 -887 488 -26 453 620 127 -106 -784 -916 578 -541 477 -124 787 80 -376 370 683 124 513 -357 -199 220 -142 -285 -184 -278 679 523 896 -563 -623 -630 802 -416 116 501 89 -913 217 544 974 302 -174 72 -569 -206 -948 -741 -742 528 179 288 -813 952 957 411 905 487 -429 499 270 325 165 659 562 -445 -513 -587 394 -482 -391 183 435 931 -642 358 50 820 692 469 -960 -80 -331 779 238 266 -788 414 161 -861 -478 -139 363 -664 602 -576 -85 338 -895 -646 278 -936 757 112 308 922 -824 -764 462 478 -709 663 -882 -223 -714 -232 -488 526 968 -208 189 -723 -667 247 -755 -614 289 673 -674 494 -359 -729 -214 156 -696 693 104 55 -186 788 -589 386 -761 604 -772 -72 732 -918 -212 -605 36 -170 -154 -356 607 933 159 -167 690 474 -435 662 765 451 176 712 -679 43 -487 -625 865 -263 -588 -767 -717 529 186 -414 408 -111 -771 -726 786 -663 -107 -91 -338 -372 703 -483 555 324 -786 -40 -853 -405 -566 -149 -678 -538 741 846 -517 -533 188 -750 -969 -397 -991 927 953 -202 -279 878 707 304 -446 -325 -289 464 350 676 925 471 629 -32 371 924 717 -466 -556 425 -819 -108 -639 -823 -24 360 432 375 534 -758 -175 -341 921 -770 -778 504 742 426 -647 813 771 706 -529 897 473 -891 -826 450 -9 -96 3 -875 -322 144 -995 672 149 376 -404 -857 929 -688 337 -470 574 889 -975 33 285 21 -157 561 440 -17 -864 -790 -575 -12 -205 334 164 240 -153 9 -657 912 -686 579 130 -222 520 218 249 -868 934 920 978 -984 -856 286 237 -724 355 142 -456 30 932 726 836 11 -426 -876 763 -457 814 -959 -204 -551 73 -485 804 874 -816 436 603 928 38 -574 -680 244 -619 -100 361 -949 -319 442 465 -480 568 -737 -931 -636 850 -468 -697 861 -211 884 -269 234 805 -200 704 294 745 -118 292 497 -558 960 627 581 7 -398 -855 -443 983 -28 917 569 547 976 794 870 -627 -76 -50 -25 150
23 948 -177 185 -345 -16 488 544 -975 625 401 115 -825 122 -878 674 -452 850 317 -420 526 372 591 -643 420 689 -914 -586 153 -398 -853 772 616 -129 899 116 -691 -904 335 245 226 -221 986 823 290 118 196 -700 710 -927 -76 618 551 -528 568 -510 -1000 357 -256 360 -372 719 151 879 678 43 -998 -654 540 761 -258 224 338 782 31 393 -65 -162 921 -775 231 -502 21 109 38 -672 708 -392 180 319 36 -732 -784 -193 928 647 905 -604 -723 55 -333 569 -274 811 704 181 154 396 858 -993 -663 739 -394 -729 186 -901 -707 -150 968 -589 -474 -215 -318 795 -871 239 -965 -868 641 -484 -160 -720 -127 -889 676 828 -491 88 -470 883 888 503 -35 179 -463 172 -460 818 -881 298 827 248 -744 269 330 340 810 -754 520 975 -347 355 926 474 696 294 901 -78 387 473 439 -989 -324 881 -668 861 913 -770 303 -800 573 459 -235 -205 809 -240 -268 499 -693 6 464 702 849 288 912 780 512 -385 -322 -823 666 60 -793 -68 903 -862 -607 -81 721 989 954 324 -131 -539 491 740 -60 -545 -856 -692 -932 -556 515 -613 924 -626 -685 461 -598 147 232 427 400 130 437 916 656 -608 7 -102 593 -11 169 -970 187 472 -725 97 -835 -696 606 695 -640 -898 445 -330 -47 496 -382 867 825 -234 483 -157 701 53 -584 537 413 -706 624 -361 698 672 -514 47 -296 431 382 77 870 -599 -903 -612 293 -611 -999 -216 -430 -201 33 659 -199 884 -91 -968 48 -358 -673 211 -341 -788 911 -655 -278 -737 646 -107 -894 260 219 -413 270 487 493 581 -360 595 -465 853 -842 953 -41 -147 9 -680 748 -566 -480 228 -699 955 -596 -939 450 -875 713 -537 -820 -117 -270 -634 629 799 -124 -70 166 684 -950 723 -266 -952 -443 644 -380 -260 238 198 352 468 -421 40 422 -489 -399 693 837 -709 386 -189 781 -718 786 -27 -352 880 -19 636 785 -860 62 -376 -161 734 342 -808 554 19 -415 233 685 -896 -298 18 -899 164 86 -508 369 -527 990 -328 -570 600 204 321 -738 -694 752 889 117 -798 645 207 -757 343 -90 -605 -323 350 -305 768 409 -730 -773 329 460 -816 292 407 34 -701 -662 -310 95 -618 -936 193 42 -42 984 384 -455 -180 920 531 633 -67 -208 835 541 -683 857 817 -583 -418 -620 229 -960 923 -653 339 121 753 -581 934 -13 -1 174 -132 995 -855 -938 -714 -75 951 -114 543 754 5 -644 443 803 -428 -366 -104 -797 274 -497 -974 -897 -531 -830 25 578 563 -55 -374 -943 941
-545 -889 400 -995 -363 -260 370 924 -324 792 -265 557 -617 803 533 644 470 -672 -85 810 1 -153 548 82 -95 -215 -493 493 -309 837 -355 196 -732 -293 -450 -223 -653 -108 8 715 180 -747 967 -879 -416 -49 -432 253 599 226 -441 -867 382 -186 -68 -308 87 -948 455 -682 -877 860 -688 -103 -649 -121 874 379 255 -525 -977 189 -448 -919 -426 -915 304 -378 -935 428 424 519 -609 33 759 392 411 -50 890 -2 -227 -815 179 -970 -436 372 -802 -224 761 -184 958 961 767 -368 476 117 337 669 74 -533 -905 705 509 667 223 664 884 -301 353 657 161 -422 -417 -524 244 479 940 -984 -178 -458 43 198 -387 -669 -340 622 312 886 -730 -256 -359 859 -543 -268 460 -681 315 -575 801 -573 621 275 -627 506 -734 626 444 354 469 414 -923 -348 70 905 466 68 -433 -126 624 437 -259 -846 684 -868 -717 -494 -792 320 393 -869 408 -146 15 642 951 955 -200 945 687 -587 732 855 -307 -84 449 -341 -19 -698 -713 -634 573 901 -408 -987 64 -560 -809 -214 425 -392 -990 -495 266 -86 720 -444 144 -55 164 115 779 299 -347 -487 -707 -714 -949 -60 -671 805 -415 957 309 781 937 774 153 140 -808 620 921 496 817 848 639 887 559 503 -377 796 -66 242 -657 -117 -477 -888 -842 -985 452 -485 981 -532 -751 257 319 401 454 433 -974 528 -718 578 520 -582 -864 -136 -507 -123 152 -183 -917 -327 24 277 126 632 116 -264 -572 -391 -275 141 597 718 -140 722 -601 214 80 492 247 -950 -354 985 -409 561 427 -600 -101 -213 436 341 916 -904 601 -778 -708 -30 -64 -697 -404 -720 -938 -175 -638 30 -540 402 230 78 867 142 473 925 383 954 -699 154 -63 222 -951 -234 547 -456 -202 440 569 -35 877 -799 -25 25 968 -644 -930 749 -907 -640 812 -546 758 -229 -482 -841 576 -788 -551 -492 128 -972 934 199 -986 609 756 551 -100 134 259 850 483 737 862 661 -806 -729 -795 -231 -556 -32 488 187 -706 397 -991 147 816 -829 947 416 264 -567 88 -388 723 45 -38 -197 544 -625 -803 607 -741 -111 -40 -913 -69 -892 236 429 830 -262 31 486 -106 -210 316 973 279 880 -636 471 529 317 340 -817 -232 -459 688 -385 -406 -376 -187 733 -663 -761 773 228 702 -358 527 -383 -310 251 512 537 -313 149 630 -711 248 719 -81 491 -351 -680 -833 -169 -501 485 808 521 686 740 -853 897 75 604 -453 -722 -883 -779 177 543 -379 -835 -323 748 -659 -59 -944 938 16 457 -529 -858 366 27 386 -668
9 330 430 -892 450 555 784 -911 355 535 -48 404 -956 534 -884 842 210 358 -799 -150 590 -499 -426 240 60 29 -458 720 -721 -916 53 25 850 -140 -430 505 747 652 -127 -432 159 781 378 -192 -559 -647 -600 -271 339 -297 -920 478 127 -431 -52 -276 -313 -77 -660 806 -656 517 281 647 592 -849 529 -259 795 291 699 941 -582 90 -421 -7 -838 -651 -230 765 -885 -416 -789 791 -464 -685 -136 855 -206 933 -876 172 204 -299 -881 969 -466 984 396 -871 -522 -413 881 924 -616 -225 26 -571 333 -245 857 234 -317 -424 570 -609 -223 -973 673 -69 -852 -470 15 -804 -425 363 229 -631 -703 562 892 906 658 917 -241 -345 -712 181 -279 734 -103 -180 496 -907 641 -917 668 807 -943 230 -324 897 -602 -89 -724 653 -162 -816 169 -146 793 -839 -474 -244 33 475 -375 -904 -659 -460 -322 -436 659 580 587 -758 308 -776 239 998 -462 606 -133 903 289 -627 437 -477 999 -40 563 273 129 -189 782 -234 -535 -790 726 327 -798 945 873 845 -289 -358 251 -14 217 -896 -43 -350 976 -977 373 -71 403 955 775 -152 -95 623 -851 644 -76 616 -92 -210 700 -639 101 -83 780 913 316 -420 -20 -800 754 -111 -113 -62 -36 -929 -221 461 727 891 317 -601 471 601 -115 -195 985 387 -769 -160 566 874 -705 395 -96 -155 -620 -991 -316 -687 402 128 -980 -45 -318 928 -648 -397 899 -507 -714 108 -959 -650 849 -581 187 -630 179 -80 485 152 -284 -682 -171 631 -101 -740 -901 463 -292 494 869 -339 995 497 -574 221 -990 -543 -623 -341 -98 -264 808 320 -711 55 331 490 -898 633 -566 -222 753 -717 -517 796 -320 -708 105 476 755 -964 -73 -165 714 -868 -232 -730 -694 736 65 -748 -508 -386 549 -853 94 259 -376 -657 -4 67 500 -440 974 654 746 -209 315 424 589 359 47 155 799 787 -831 104 758 670 -662 -811 28 -314 819 809 -391 537 255 -524 -373 867 365 828 235 502 830 691 -542 342 -250 401 964 934 752 561 -280 680 -159 -791 -979 43 967 856 725 -832 -937 697 608 165 -686 -743 250 348 326 391 -636 -379 112 991 428 22 -768 876 472 947 -511 406 -628 436 118 309 -805 -319 713 -821 -381 -866 474 122 774 -766 -263 715 741 -617 203 577 -9 -987 -468 -719 445 -944 -490 -296 -886 347 -570 -94 852 542 -377 -615 -337 -591 909 -239 -599 -178 790 864 769 541 -931 -608 439 157 -597 167 -444 -389 597 -467 305 314 8 375 -509 667 -172 460 274 77 960 -697 536 950 910 -529
-302 452 -521 990 711 822 -80 752 234 70 -859 107 -641 152 965 -400 252 156 -537 -33 -429 110 -52 350 -826 -921 -778 695 777 -266 619 394 -876 549 925 -159 -605 -119 863 -737 84 78 189 -776 102 439 -28 361 927 510 912 -368 658 407 -170 33 821 -233 -792 397 264 65 -392 373 -92 -887 -347 -304 -468 843 -296 238 235 930 165 -473 57 37 283 -580 929 706 -858 381 -144 -581 -55 579 -432 553 316 48 -514 977 -367 -655 855 161 -372 826 -234 144 832 876 890 -47 -815 -417 -442 -729 459 -765 737 605 -504 485 -788 447 -405 -161 -621 -105 -653 598 304 -993 -874 -964 910 -378 -877 954 -980 535 -153 992 95 -124 963 -803 541 -57 466 -489 53 -79 193 457 30 -252 784 521 -539 222 -103 -600 325 555 -453 260 976 -179 -950 -195 757 -914 181 -419 -905 140 947 180 475 -265 484 136 203 -823 -134 -784 -819 295 578 758 -592 982 852 -342 831 -616 974 -937 324 -276 -461 597 257 -601 167 29 -254 922 171 229 385 245 -895 649 -500 572 -540 774 -251 383 209 442 -951 -487 699 -796 -602 -130 255 267 498 794 -830 -534 468 -360 -116 770 223 539 984 -35 -183 523 -15 -569 626 458 -61 -752 588 -658 226 868 -148 943 -589 841 869 94 -1 91 173 -707 851 -271 811 -229 250 -215 -440 263 615 -911 731 -897 -896 -436 69 -559 -354 412 284 -343 -303 -166 -451 507 540 -462 346 403 -739 461 470 -1000 -853 -906 -851 -713 -932 -807 -152 908 -58 337 481 16 920 -960 379 621 -67 112 -257 -224 -475 -12 740 18 -789 -693 942 -260 47 788 574 -68 -389 -855 321 -979 -334 -65 -210 647 -353 212 991 -527 -683 392 -701 -474 -459 278 -140 -40 330 837 -376 -741 -228 487 -384 -44 -338 -284 300 -408 -142 340 630 -361 599 618 135 -727 318 -885 -888 729 -312 708 -710 -942 736 -837 -983 904 703 -379 -242 -573 -139 -3 -552 746 809 -978 531 -232 643 290 179 448 211 901 803 595 -425 237 -89 -399 807 6 824 -535 786 952 -51 -787 937 -528 445 -62 490 327 185 89 -422 -816 62 -162 678 -715 -857 636 906 -974 -5 -595 705 529 -831 -414 60 240 -396 93 -512 20 404 986 -806 -201 760 961 652 462 -585 -37 581 358 -563 864 -431 932 601 -881 657 -325 143 -812 -188 641 -927 750 -821 -168 297 849 -30 -362 471 -464 -975 377 524 68 259 194 -718 743 -450 -570 719 939 515 -141 815 999 567 -278 -574 43 -163 -811 -944 -351 650 453 931 -122 -901 745
-919 -23 -855 -620 574 388 661 191 244 -565 -203 670 713 -132 461 905 598 -781 344 781 -5 403 -828 -665 298 -331 -507 364 -796 -348 -289 99 961 690 -50 -769 205 -876 -763 770 -948 773 -237 437 -439 127 -119 626 68 -389 -450 118 -390 572 -360 -37 267 197 -558 184 587 899 -886 -276 -543 -652 67 -156 688 608 64 -303 -941 818 -625 -261 -890 637 640 46 -300 234 -14 975 738 737 -461 -898 478 8 14 652 -499 -746 -703 -727 410 488 -214 -813 -306 276 170 -469 -782 502 199 736 524 400 -790 684 -540 146 873 135 -51 -352 771 643 -861 230 853 -674 -32 -697 111 830 171 32 196 -962 -509 887 -968 144 304 730 -864 54 -46 958 994 862 667 359 -364 -516 813 -330 632 -402 -708 206 -895 -619 26 -842 -597 992 -931 -556 512 490 -701 318 811 316 653 883 646 194 117 -649 -314 -971 -82 -913 56 -593 208 562 -190 -97 95 901 -995 -45 -332 428 -227 336 -738 -194 -933 319 -891 -246 251 413 -779 617 815 66 -929 60 -477 3 75 268 285 -668 982 -987 880 273 -610 543 126 -48 978 536 -867 -426 -894 45 -468 392 -680 777 -740 513 415 -387 -296 -6 816 -138 245 829 -766 436 279 -525 -437 450 -729 -628 -717 87 84 113 558 785 468 -191 616 -464 772 792 894 891 -355 -229 142 24 235 -209 -720 -58 430 356 109 284 -199 686 666 -983 124 955 431 -683 -804 482 902 797 -859 -489 -193 -994 -96 -841 988 -453 337 849 -128 -542 409 -131 -311 -220 -101 93 641 -411 47 -447 782 -666 842 -56 299 571 -501 -28 509 -783 -211 -520 -522 910 204 -643 405 -65 77 774 390 740 78 550 -186 465 -77 381 -734 -925 869 -264 -112 -972 808 675 783 -170 920 214 -788 -752 644 -454 379 272 -709 -816 -632 467 780 -396 685 -602 -906 695 427 -221 213 -576 848 -349 -951 568 -397 -26 335 679 -747 -297 -418 291 -946 -17 -630 -75 -776 -760 -27 -711 308 721 881 128 -421 -218 -596 186 -832 -245 193 -926 -345 -976 51 965 -843 -706 459 97 330 836 307 934 854 -512 -302 323 -358 913 -136 -167 -482 521 624 -934 -78 33 -204 259 604 145 404 412 -369 12 -605 72 831 114 -39 432 694 433 -744 -301 -818 -76 434 -992 -862 -789 357 -504 -24 -85 765 876 104 597 -430 846 591 -848 -367 -113 514 938 -810 -114 -544 611 731 -80 -449 29 358 840 -503 7 877 559 -799 211 -366 -144 966 -88 367 -448 -684 -55 -874 -922 -90 425 834 -961 80 -743 438 -696
-57 950 528 979 842 -297 -369 -988 -508 544 -7 115 -445 -392 -873 376 592 18 703 -672 248 631 431 -688 -581 443 751 -164 234 231 -149 -726 707 -698 -24 787 846 -735 345 179 -176 463 211 -721 107 618 -960 705 -283 265 367 122 -754 646 694 -321 75 -170 614 818 73 -40 894 983 -565 567 172 -38 -449 873 -205 -311 531 525 -399 -715 -235 282 253 -755 224 -642 -292 -51 793 -626 664 668 509 809 -154 -790 911 423 -285 210 681 551 659 -110 658 804 -125 -160 58 435 -187 145 -803 -93 232 584 -600 -971 -723 -703 -367 334 407 469 674 270 -844 161 -366 476 919 -226 298 -766 182 31 -46 -965 511 186 -729 -487 -970 276 848 757 -370 -136 665 -199 -121 284 606 68 -671 -378 -228 594 -156 -547 197 750 -822 -197 -212 -724 503 -570 333 323 349 -395 -948 74 554 -420 485 -417 -456 26 -811 -874 -373 763 64 830 -641 213 272 -171 -96 552 -384 896 985 -308 319 438 727 -435 -295 -767 403 -891 875 779 223 -691 -79 -291 -640 -903 860 577 -379 -68 -415 267 -619 517 -123 -918 -905 -862 791 -655 -88 713 533 -459 936 83 -124 -8 607 -496 -631 -77 670 -86 -329 -478 -579 -181 -515 535 55 -686 -603 106 -90 901 439 -856 899 -39 -233 -316 -117 384 13 677 -520 -47 819 -18 -809 -572 -157 -338 -381 -878 251 442 797 523 655 626 -525 -333 -543 -740 641 -94 -236 -453 21 133 -74 -215 651 667 965 -870 712 -865 969 -471 -584 -694 516 -846 -162 487 -658 -213 795 362 632 406 547 -150 702 204 -552 -969 -788 640 -550 -159 -589 -276 -16 -122 811 720 736 498 -643 -654 -907 240 -22 227 -663 -421 -821 -921 -479 24 451 -799 239 762 -186 721 630 -225 360 816 -210 -267 321 127 -751 679 -425 748 318 314 933 -28 -101 -530 -354 847 879 -634 187 -429 142 493 331 388 -11 910 689 -773 -92 -320 -5 141 951 244 256 870 -762 -571 938 -419 -412 604 -341 -993 121 675 -830 650 -734 -220 374 -857 25 -281 -787 209 215 844 -638 263 40 -340 -566 940 -112 -179 -587 -964 676 884 619 -818 -411 585 123 -203 -966 980 -714 252 -200 -139 527 997 753 697 855 -49 119 300 -533 117 464 287 470 974 -701 168 770 -839 990 -899 -678 -251 -257 -837 -883 364 -812 -255 377 -689 579 399 -924 -864 660 -904 10 706 -143 -748 520 -601 -733 457 -393 672 -953 -893 -442 -409 -376 108 784 900 -618 304 -339 294 -776 -622 610 564 565 -296 -371 -609 -481 219 -987 -261 652 471
-850 35 -917 705 -531 750 -543 783 671 653 654 712 286 -291 720 -510 -772 906 158 -704 -488 -997 -133 -835 531 -753 20 -721 -759 130 217 436 -32 -799 928 -160 -129 715 -501 647 918 -918 592 -813 -220 422 10 -216 108 900 786 -423 614 564 -951 152 493 832 -668 704 580 212 635 -559 -844 -765 -327 903 -823 -172 384 414 222 183 -73 -348 981 925 -440 637 -598 -602 -147 -671 -266 -716 -678 -977 961 -551 -38 -487 510 803 453 267 822 401 -400 -597 -209 -60 -715 467 476 910 27 -214 -28 -319 -846 -885 -740 274 958 -670 667 -48 -354 -483 -902 345 31 -614 -165 -628 302 -784 78 -603 722 227 839 850 253 711 -605 535 -35 926 58 77 726 771 779 604 714 -656 -620 -925 -969 -394 889 -928 -77 924 -588 -407 -933 -293 561 -249 -396 -696 -248 -907 915 255 -568 -118 995 -818 -195 66 -858 -498 611 560 469 -229 -800 690 -523 201 369 -786 127 -370 405 128 652 -634 67 480 -613 -430 767 986 -81 -944 -508 507 -566 104 310 -106 176 787 -375 -737 -718 642 861 -739 -480 -404 -126 765 -527 241 17 694 14 -512 379 781 -569 84 284 -362 -88 51 890 -16 -140 -581 -331 972 -130 -184 725 110 -792 252 -466 431 827 898 -554 -891 354 -681 -984 -985 -415 -548 -168 -894 -236 -223 8 22 659 -482 -343 875 -974 -182 618 -547 -385 332 895 629 340 240 229 760 847 -536 643 -775 922 29 -31 126 -497 610 601 -71 596 -889 398 -388 -876 -242 -84 452 -641 -955 -337 -755 -667 774 233 433 511 443 -471 -723 987 -17 489 24 -677 888 -688 -975 -819 451 -649 697 -545 -573 998 -703 16 -271 984 -344 -204 278 -599 -787 56 -484 -381 439 199 -676 160 -619 -460 -258 320 258 223 -244 424 -188 846 1 -783 526 817 -406 282 548 177 702 -166 -560 -261 -873 -6 675 11 143 487 -884 -139 881 -691 892 -63 494 -607 -909 615 -109 393 -391 21 -297 960 -458 -1 -429 821 -100 -171 344 -333 218 780 941 -660 -513 -353 -756 524 311 74 -148 338 -621 -387 79 -524 -658 -937 -108 -919 346 328 -817 -455 934 -213 -923 -610 -761 -299 18 -664 -618 -29 349 -881 353 684 458 -637 -854 -908 -282 718 -945 -901 358 461 125 655 -913 -351 -308 -477 883 590 -693 -125 146 -318 147 -980 756 -852 430 73 -515 239 857 70 785 -360 285 844 314 -493 -793 87 -416 221 -49 -550 341 -141 896 716 -290 -983 660 824 -680 -135 -789 -961 -146 403 777 -436 294 361 636 468 -309 -463 -70 -301 202
722 -853 384 421 -830 295 -980 -245 585 495 -910 -197 -147 793 -992 270 977 364 -826 819 429 -238 180 -612 -509 127 192 601 -57 647 -581 587 474 -865 -367 572 -632 767 -12 -96 74 989 -205 -864 -452 -91 902 678 -316 96 546 220 -384 -36 -50 -151 322 -636 -738 920 -418 499 -262 -302 445 -821 -976 -69 372 218 -25 -552 -787 -585 -551 -590 -219 -81 -232 -30 -924 891 308 -41 133 996 810 -750 -19 553 66 476 -625 -387 -586 -313 -765 -53 -955 159 321 396 -9 265 -568 712 178 545 -52 318 -481 -421 -253 303 -802 638 -184 350 -623 882 -665 236 -898 43 -344 -210 118 986 343 -380 193 785 469 -701 804 630 368 -949 590 -941 812 208 -285 -588 948 -385 -300 -290 848 -978 -83 -646 -341 126 -729 -463 132 574 -277 232 990 -611 150 945 140 191 -227 -134 -79 -440 210 -553 -255 -523 58 -831 565 -512 -817 -183 613 822 -520 -75 -312 -648 543 -250 328 261 593 -948 515 423 -870 167 -215 136 224 110 -59 677 75 -393 -97 916 442 -502 -200 -534 -918 -610 -673 47 -107 338 472 776 -631 -794 908 84 -883 -342 326 -420 199 -281 198 -99 453 -98 -760 -714 -510 748 -264 -258 773 -295 628 -901 643 -158 46 34 359 -556 334 742 751 105 25 903 807 715 -897 783 481 -283 81 897 547 559 991 852 662 -789 417 44 673 608 -329 142 225 872 -291 -405 211 299 -658 -799 64 637 690 -555 -570 -27 -331 -849 672 -627 599 188 -704 -835 229 -451 694 -46 40 391 2 926 -349 -780 443 -981 209 412 113 432 -406 88 -752 962 385 850 -876 -24 -574 652 586 802 -836 -960 864 950 -274 291 465 -464 -965 -31 907 200 -667 251 995 -129 -659 -952 840 -72 -917 -132 569 960 -100 363 -90 62 -565 109 -334 -268 -615 524 -199 252 -944 964 -549 182 -136 735 55 -739 -719 -608 -772 185 392 774 -164 746 -640 -720 -230 -143 686 -484 535 348 -289 -378 -579 122 909 -363 -702 556 134 -621 483 -563 610 298 615 -395 516 -622 -383 -337 -361 -854 843 325 -204 234 45 883 -572 782 65 341 -793 -495 -429 -545 71 -845 507 -318 -68 388 -705 457 -49 591 526 -596 -493 -500 800 956 1 19 -567 714 818 619 -124 530 924 942 -388 -927 731 260 -156 -564 -940 -239 400 -43 245 944 -254 440 887 -217 681 -635 -181 512 -872 -60 -507 -163 906 -755 -709 39 -286 760 762 141 -847 161 -947 307 332 -252 -600 451 838 513 86 -562 494 -130 756 -842 461 -373 144 -806 749 786
884 -271 494 587 967 32 -233 -353 539 -74 407 678 -327 -635 -750 -386 -502 776 -813 -532 975 -427 -627 750 573 337 152 -649 47 -879 -594 -929 283 -875 -293 275 423 -582 -981 -706 -984 829 -69 936 121 748 685 -843 178 -967 -702 -891 502 393 -638 -443 -400 397 864 79 140 370 630 -90 991 827 -924 343 -277 -313 193 -179 -946 879 188 -773 -289 -546 -478 120 714 433 -748 -863 -923 -797 151 -161 -793 416 40 453 138 199 506 264 469 -761 110 -17 386 -123 -398 -637 137 -842 -692 -87 -186 -201 -206 -835 -932 875 552 -987 521 -821 -877 -540 206 952 561 -248 432 12 33 928 -902 -241 -273 -717 -664 -762 774 -870 -766 794 -459 637 -957 648 -728 852 811 603 204 -99 -333 429 567 -185 -311 -441 119 -415 294 -471 -334 -887 -848 -178 915 -854 489 643 -119 147 666 -639 84 291 131 -329 -564 -976 -633 -240 538 -117 -714 -299 -390 358 268 845 174 -693 -65 -501 -814 -54 883 425 -62 -350 -326 -417 378 972 -142 -236 712 -348 -528 -30 -616 -407 896 -275 581 -533 -22 -369 -941 985 -573 299 817 -858 -225 -177 -393 -246 910 218 846 475 821 585 -110 -479 290 638 752 -476 157 -244 345 -683 -46 437 895 -255 -454 847 546 802 -284 -234 -755 498 -619 -606 988 -295 -42 -202 -988 -935 545 234 -420 259 -568 -456 606 690 -105 943 412 838 -111 579 13 -80 -600 367 -214 -414 -838 -152 509 -536 321 893 -764 -114 -622 -102 -466 -285 -767 -290 -250 251 -204 982 -461 -856 -498 279 -632 422 20 -429 872 201 -729 288 969 535 -107 249 -930 -92 -228 959 139 280 245 -837 44 213 -98 -165 692 -72 41 497 -371 -452 100 -331 820 -992 -173 483 580 314 -995 557 -718 -444 -359 235 -567 -457 -610 43 -13 123 997 -820 -680 -286 265 784 -96 -374 -509 76 536 568 -494 738 -298 668 887 718 176 -47 -180 -184 826 -266 -674 385 -557 307 -226 404 226 874 -324 197 322 487 491 -852 -896 -701 782 -605 970 -187 -276 679 -832 418 -503 867 -9 582 -699 459 -732 405 81 351 -488 62 -892 -451 298 250 -950 900 67 -300 -464 293 88 -972 296 142 -249 903 532 -297 269 -596 720 809 795 -504 -375 901 -782 408 734 -363 194 -61 618 -961 208 644 825 -735 -620 -731 479 -983 859 -83 -279 -784 544 198 655 -758 -996 480 -260 -910 441 -895 -810 -53 73 -783 -802 779 -864 -5 -57 398 -860 589 -734 295 -628 -881 -132 -790 832 -776 -630 -448 562 223 -716 731 -952 -39 129 697 476 196
[RUN #52 1 10]
530
-709
501
-405
807
516
712
616
920
131
[RUN #53 2 10]
843 -415
628 -146
357 520
-662 -372
640 -233
738 -989
-379 -315
-583 466
780 -309
-68 -559
[RUN #54 0 10]










[RUN #55 3 10]
-966 105 -612
-990 -819 155
501 -231 -337
172 -413 -633
651 -942 470
-547 159 -458
-450 872 -736
257 230 -819
-675 -247 -753
-576 -983 -874
[RUN #56 4 10]
165 -700 191 -428
-127 -222 337 -872
-737 262 29 -672
-853 -924 -228 557
-179 -627 -786 751
495 -760 368 6
-494 -830 391 -366
-618 779 947 -786
676 156 -993 -579
143 -549 -883 517
[RUN #57 5 10]
662 -321 -648 27 799
-867 196 -728 820 -930
171 -595 426 59 70
-994 782 807 -988 796
-218 -364 -911 -349 214
-348 993 -342 296 -787
817 -682 301 -486 -788
-58 834 -199 750 -944
726 839 -930 -504 -596
-472 -435 -162 -58 -738
[RUN #58 5 10]
746 -733 270 -325 -627
-64 641 -204 -339 898
65 -362 686 681 853
517 -597 378 946 89
30 -246 251 -224 -327
95 -628 738 -550 -216
-527 240 161 -882 -288
-738 283 180 407 -986
-377 -922 -406 811 -978
-335 152 -984 -963 -771
[RUN #59 5 10]
-976 -693 666 85 196
338 -927 -244 730 -147
397 -800 -75 -1000 -735
845 -94 729 -50 -895
-344 921 -84 -959 862
-703 -82 -176 -253 -761
334 892 -245 577 575
958 317 295 782 -196
899 -11 -800 223 859
275 392 -625 -922 390
[RUN #60 5 10]
-21 822 -321 317 871
327 -783 -660 -118 170
-76 -364 486 -204 -447
-679 882 -546 817 -759
-793 -316 438 -866 642
-438 99 -30 -635 79
70 791 924 948 252
-581 964 -793 385 -1000
-318 409 -599 669 94
-813 635 -779 -904 -725
[RUN #61 5 10]
-190 -151 -528 661 136
-188 580 -905 442 -40
619 389 229 610 -792
-186 -320 123 584 179
117 -536 515 -502 676
-781 -86 691 270 -88
253 -449 -810 -972 48
-182 -155 -936 -353 15
-160 23 -468 -619 -754
-179 -473 -259 -191 -481
[RUN #62 5 10]
67 -535 977 282 -187
104 -988 -393 196 -11
883 561 241 3 341
629 -831 -975 -230 284
917 390 -546 -195 600
244 -827 -839 -274 -726
779 584 890 646 291
-211 871 799 715 249
471 -441 -107 -456 -407
751 507 818 -659 -59
[RUN #63 5 10]
-332 785 -981 85 -716
451 715 21 -725 -282
-721 746 154 284 725
320 -799 488 471 536
-275 -390 470 -645 48
-477 508 -331 -12 634
899 994 -773 -681 -411
-681 453 -169 242 663
405 970 -474 837 60
-837 -445 -918 252 -731
[RUN #64 5 10]
114 -113 337 388 461
456 816 429 200 -739
-624 120 -59 646 187
-339 -503 -67 196 628
462 829 280 974 -79
-478 -238 332 -766 892
685 489 963 97 -444
-330 707 -659 624 -519
-764 -196 589 -391 -405
-655 99 252 -258 -683
[RUN #65 5 10]
21 -872 -31 -242 621
244 -273 671 53 -585
104 -304 449 -155 -797
717 588 -561 550 674
-569 699 101 942 -143
196 150 -359 387 -17
265 511 -795 332 667
528 571 584 419 -901
-485 -67 -378 393 -255
845 -8 -35 779 -89
[RUN #66 5 10]
-166 367 -330 -517 803
186 -974 680 715 923
890 167 919 900 40
-391 772 -952 -579 -927
25 442 -228 866 792
941 -946 -357 -263 247
-962 543 511 -62 104
-880 -641 -852 -173 -502
-652 360 -253 213 237
255 -902 -665 -289 -7
[RUN #67 5 10]
-451 -523 981 710 667
-80 -593 666 908 617
233 -195 -130 345 830
401 -529 448 -528 -869
-985 561 -42 -522 -610
-676 133 -523 -12 -159
962 -790 307 -424 849
998 41 855 520 680
-227 393 595 -347 -505
-443 862 372 -919 138
[RUN #68 5 10]
-763 -125 324 -630 -873
-8 672 -297 -901 278
329 394 -622 -895 871
-46 -111 -912 203 -520
-240 101 -930 -527 77
781 -421 -831 851 317
883 737 772 -765 769
710 -142 -322 952 -588
-103 -669 -476 -521 -279
506 407 773 -310 -595
[RUN #69 3 10]
-513 -721 -356
415 998 -902
-769 -961 -583
247 322 318
926 -527 -185
280 959 529
-968 264 -845
172 -496 634
42 -485 -39
154 -970 964
[RUN #70 4 10]
714 -82 708 605
-802 896 -169 -119
-577 -800 99 43
-588 -893 719 176
-489 609 189 -35
858 391 -956 11
-14 688 -376 78
407 -880 242 -734
-418 -470 -188 -581
-145 636 -898 -53
[RUN #71 5 10]
122 380 273 711 892
-995 -57 -160 851 396
917 6 -456 483 811
-286 -290 295 -211 -773
-905 294 -938 -121 821
-119 -512 295 -482 -859
168 47 -956 -313 -930
-952 149 -298 764 -181
-614 722 342 -998 496
-542 142 -259 -198 988
[RUN #72 6 10]
-353 539 -189 -180 160 -578
505 428 114 667 -429 276
234 289 892 -344 908 917
376 -112 96 -906 943 367
-775 -683 -24 132 615 -43
-164 859 503 998 474 85
666 272 810 13 670 -106
-270 -799 455 -194 81 394
-672 483 -544 -500 -329 61
-152 59 384 48 -510 -939
[RUN #73 6 10]
-918 -856 101 -316 878 104
-515 76 808 814 609 -830
-17 91 552 626 -773 357
-30 317 739 504 -996 397
-460 -200 -411 825 -626 -235
-596 0 23 405 671 926
765 27 741 469 -818 -550
762 -872 10 19 -913 -174
-124 -595 1 -185 -750 86
447 694 113 -260 -30 100
[RUN #74 6 10]
-98 628 112 -721 -627 988
244 933 711 -794 551 988
-410 132 -622 461 -87 -587
135 293 -361 -189 -909 689
595 -859 933 -774 -956 67
-300 -752 -58 -450 720 175
-200 562 734 -755 -608 -861
-861 74 608 334 -994 352
28 -305 -376 866 -516 83
473 390 181 895 -709 -30
[RUN #75 3 10]
731 -810 -480
644 812 481
613 586 98
-24 -794 -382
955 -238 -583
797 148 -304
266 -862 -807
-991 16 -479
558 644 -520
852 376 -329
[RUN #76 6 10]
-936 -520 947 -79 578 -349
316 679 338 -170 258 -703
-428 -255 -391 -746 -212 197
-412 200 -477 -968 -73 286
790 402 850 -76 -157 158
618 -220 54 -803 203 -436
114 608 618 -418 -794 -905
-684 819 -922 429 543 -531
-855 396 -115 991 884 712
310 958 920 481 -252 220
[RUN #77 6 10]
-669 803 692 -962 942 979
319 -960 245 609 780 174
-190 167 886 344 915 708
-92 -97 448 150 -933 689
414 960 201 -990 -27 -114
-474 -18 891 -179 354 425
87 -965 22 227 802 -120
13 498 331 197 111 792
961 365 618 -713 -299 -133
622 640 -809 514 576 343
[RUN #78 6 10]
-105 684 784 -957 13 884
-478 697 -99 -19 641 -667
898 111 558 821 911 -267
64 -821 223 689 122 783
-396 833 259 -107 -536 -718
-122 -412 582 732 -996 -522
-84 248 654 783 -182 -128
-108 216 -546 594 -355 -908
340 -981 144 705 -48 -932
-356 -846 382 -761 496 204
[RUN #79 3 10]
257 -196 -791
-695 851 -116
-921 741 852
-604 358 246
-351 -775 503
734 -244 -901
432 500 -699
-798 439 -569
609 578 735
187 -917 720
[RUN #80 3 10]
472 423 -315
-544 -27 -81
-516 -908 -619
381 19 792
497 -7 -338
893 622 107
653 789 319
-938 -539 971
615 -692 -748
-471 912 -676
[RUN #81 4 10]
159 23 540 672
951 -740 872 -59
426 77 -422 136
556 -778 -292 213
-848 -95 136 -290
-91 506 -692 25
898 -76 181 221
-873 -24 -449 -381
-655 265 -814 -125
-291 820 -615 -338
[RUN #82 5 10]
-305 -646 -576 -643 998
102 -982 642 -803 963
-37 -810 -331 646 -502
-908 264 -574 527 -514
989 -312 -566 -174 719
-920 -110 493 -393 609
170 619 430 -473 635
91 -625 282 803 887
952 837 797 876 514
368 -214 68 -996 38
[RUN #83 1 10]
-753
-413
232
-548
2
802
-435
-289
-629
780
[RUN #84 2 10]
-498 -597
-855 417
264 62
714 -213
825 999
355 420
-523 -264
781 -569
-759 -339
-195 867
[RUN #85 3 10]
-695 819 -29
998 -492 -844
924 113 -499
-92 903 167
-474 -962 57
537 -692 521
47 -649 252
-870 -641 612
367 -797 129
736 -860 574
[RUN #86 10 10]
-779 997 -644 -248 -183 327 389 26 -655 -612
33 -128 -454 307 491 -320 686 -549 69 -877
-378 776 825 268 -424 -76 515 213 794 707
-920 -212 -547 189 200 -265 336 -325 -524 143
-64 326 711 64 -789 -367 618 -450 -180 -974
163 988 897 111 -353 -567 -537 705 -285 -444
597 71 -333 51 86 365 -621 -908 210 278
700 -783 183 363 575 403 623 -904 -363 -955
-685 327 -855 710 -778 786 753 -992 -746 -959
-543 -972 -194 838 -250 45 863 -265 841 743
[RUN #87 5 10]
-193 -557 314 -712 111
-113 798 81 848 812
173 194 -27 -674 -127
-642 -575 630 521 620
-663 -164 451 -89 740
-921 -670 -225 -41 -688
-855 -969 506 893 -658
428 -799 827 -271 168
-140 -942 276 -113 -794
-947 887 395 -155 -890
[RUN #88 5 10]
-612 -462 -980 -191 266
-640 484 205 422 -394
-937 502 -116 -898 -218
259 130 -436 -146 891
-16 477 410 -486 460
152 36 -483 -326 -371
-773 -922 -285 62 -966
-619 386 557 973 -989
-19 6 -416 529 388
686 -625 350 974 -485
[RUN #89 5 10]
-627 99 -218 -266 -101
-945 886 972 981 -759
109 5 811 555 -910
-662 -691 -246 -955 -688
-4 747 149 410 -863
-718 -435 -868 -108 726
-281 -990 -708 -801 55
302 505 -997 -749 -782
736 200 398 -825 -128
45 -635 539 906 357
[RUN #90 5 10]
297 882 -368 -68 61
-497 -400 929 447 752
96 -104 273 -51 -979
173 38 -560 310 596
-425 347 553 -126 833
233 845 882 910 -673
369 336 219 -932 -562
-720 -326 -697 -422 -257
-556 -352 877 533 -510
-564 437 337 979 283
[RUN #91 5 10]
-660 275 -236 803 753
504 -342 -569 -183 615
868 -278 768 873 329
788 885 125 473 71
799 119 -907 405 -524
-334 787 -394 -186 135
754 28 -150 925 267
-342 772 -917 -147 -639
-445 755 103 119 637
-905 -885 410 -327 -447
[RUN #92 5 10]
-393 611 868 761 -436
-313 -207 -836 607 866
989 56 341 -460 808
820 761 350 -829 69
96 397 -364 461 -311
-564 970 -334 622 768
-698 298 648 -52 -275
-625 367 21 800 -624
-934 -667 630 866 -652
-816 -202 -375 820 795
[RUN #93 5 10]
-207 -847 436 451 12
-639 -282 806 70 -749
-458 -355 186 649 18
819 449 -297 856 -529
-102 -598 -733 805 158
765 -790 982 310 173
665 843 -423 -794 -39
546 -611 -721 -492 120
-478 972 214 755 -620
671 -26 -306 153 -767
[RUN #94 5 10]
777 -164 682 206 -272
-18 650 -648 -935 222
518 -502 979 819 742
672 -300 -321 385 -209
462 -569 -809 -371 669
-942 -200 350 293 -763
-738 -263 -88 -86 430
749 892 -982 243 295
-88 852 581 975 867
-114 -148 -942 536 569
[RUN #95 5 10]
-596 1 382 -81 -617
-255 -786 -731 676 494
967 -423 -416 -727 351
-672 -206 -593 993 -433
-913 -211 585 670 717
-506 -331 -909 711 -374
-696 222 -926 -83 485
-239 -920 -919 622 -204
178 -445 -655 -221 -322
388 429 -993 -220 361
[RUN #96 5 10]
696 977 -675 -380 -122
787 -623 531 -700 406
463 -438 121 112 104
-115 529 631 -127 -994
-686 -382 -278 -953 621
-371 70 133 -586 -900
-342 -860 820 -853 -990
-149 -539 816 -640 -292
-955 245 -580 -472 -403
-336 947 480 533 836
[RUN #97 5 10]
-391 -853 857 -596 -585
-382 -774 791 604 560
623 -318 -995 950 -872
828 462 -561 -112 -547
653 -726 -189 -307 -740
-778 218 -995 -681 190
-498 -414 -385 446 421
-371 883 -421 -946 -837
381 912 38 -796 928
791 354 -726 103 626
[RUN #98 5 10]
103 106 812 -286 -883
-858 434 -293 -748 -998
205 831 -899 569 677
-509 -418 559 -728 654
842 982 -775 -390 453
330 -948 590 93 484
-192 777 664 354 901
669 -513 -461 -843 414
230 981 -906 -912 -973
882 90 8 -584 677
[RUN #99 5 10]
293 -565 -654 -829 280
-797 -640 72 -955 -920
-913 -548 987 507 315
678 471 -40 -794 -340
301 764 754 191 -121
-59 -170 390 -295 881
-919 669 -861 545 557
-17 550 757 876 -78
-510 -241 505 -701 -475
546 -673 -637 968 -174
[RUN #100 5 10]
993 -887 359 -583 614
198 707 -271 113 -865
-228 486 -877 -704 -490
624 -899 -428 -35 10
-2 -906 -484 -835 -587
771 518 -91 -871 -252
327 -731 -415 484 -948
-228 713 792 -463 478
-9 -212 676 554 118
-822 -477 888 -975 697
[RUN #101 2 10]
363 -555
-966 952
-695 -263
-947 783
-191 50
-270 560
-809 -459
523 -410
-465 -852
355 604
[RUN #102 3 10]
72 691 870
-993 -7 588
-36 -606 661
-478 -55 -264
140 472 734
-127 -325 -11
-672 -113 922
-692 -664 104
-929 -1 564
512 506 411
[RUN #103 5 10]
195 299 -782 -615 -312
575 -803 -657 518 -21
981 12 -954 -568 185
323 446 171 -560 -773
-552 272 -240 -333 -258
-801 -404 14 624 372
-299 828 -775 -680 725
307 -200 -177 -331 -744
865 253 47 -154 421
-97 -419 335 163 -650
[RUN #104 3 10]
88 922 674
630 -915 -258
126 931 907
372 -322 -893
193 -498 -567
-637 31 276
-556 354 730
320 -475 153
492 189 -730
-499 827 39
[RUN #105 2 10]
170 505
755 -368
954 -949
312 577
406 -766
935 -107
-689 -365
-623 509
-795 975
-473 588
[RUN #106 1 10]
-755
577
-76
-888
-560
-972
634
-663
-665
-550
[RUN #107 3 10]
-104 -989 782
94 -687 341
329 -348 990
999 653 127
-1 -120 851
738 -565 -322
740 -711 535
741 -317 -695
943 344 -780
-786 311 -677
[RUN #108 4 10]
-827 -505 43 408
87 802 841 -479
-30 858 294 932
-831 -270 -505 578
9 12 -737 -132
687 672 -311 -513
199 -272 -333 417
836 -579 115 543
-69 630 -323 190
-415 -337 -67 -488
[RUN #109 3 10]
-347 -538 301
243 868 112
732 -190 347
960 -765 -537
-563 -776 232
-652 410 525
938 -269 38
214 200 -854
-289 -630 777
-461 97 -161
[RUN #110 2 10]
-839 -805
-108 -645
-654 -849
-29 -820
-248 696
861 -670
898 52
-684 774
141 -225
894 336
[RUN #111 5 10]
884 -762 549 184 -88
-612 -366 89 -658 -721
-717 246 166 -180 612
949 947 282 483 -618
-114 -84 801 -159 -624
796 -389 894 -494 720
110 -6 -218 132 884
885 -149 563 691 -170
400 732 -981 290 388
928 -305 -266 70 605
[RUN #112 3 10]
-252 911 -520
-608 703 818
37 -32 799
-920 -824 -371
7 -226 -298
-383 -465 -395
-22 -26 -861
570 -218 -990
-755 145 -151
138 593 -614
[RUN #113 3 10]
-315 -917 275
743 -822 612
-901 -920 -365
716 48 -807
915 544 214
-787 -341 244
600 -229 814
945 512 638
-180 690 194
-151 558 -551
[RUN #114 3 10]
963 463 -864
734 382 833
65 -488 -627
-13 -595 -629
-539 359 -395
-638 -453 393
-958 -311 -366
-103 -454 894
341 -134 -856
856 -245 -146
[RUN #115 3 10]
917 -570 -679
-564 845 -716
-213 -989 -768
949 681 -206
205 -14 -812
-688 -977 -324
671 -655 -962
-286 588 468
137 -255 -762
-11 -942 -988
[RUN #116 10 10]
-144 -356 -458 33 -392 -719 -555 -849 -248 -609
743 969 -830 591 277 -618 428 978 -183 -931
-851 5 -569 577 320 -939 -57 980 399 209
-980 -564 -706 -225 297 -454 -76 -868 -572 244
824 541 585 -104 -65 -137 -118 805 854 495
-116 -889 356 160 -108 889 -989 -220 -930 -208
274 55 -67 -714 -755 -848 550 120 -766 -879
836 -184 -811 -209 402 -327 146 411 -961 450
268 -250 -26 972 -495 -433 -851 -565 891 770
510 558 468 -596 998 222 -551 112 563 -698
[RUN #117 5 10]
-69 -738 476 -137 -683
195 101 221 -392 543
-967 -660 -509 -761 -450
39 -216 891 -251 -274
212 607 222 356 348
-750 -987 -827 -247 952
447 -215 -593 -682 231
-999 -387 -242 -614 -582
885 -807 -981 -541 -607
818 -549 54 9 29
[RUN #118 4 10]
-797 772 -137 266
-239 -199 -278 -421
927 94 -767 -19
758 607 677 -532
281 -818 -825 -43
-747 -862 -763 768
-129 214 -868 -397
-975 -33 134 -914
-222 762 353 828
792 140 -27 544
[RUN #119 5 10]
745 137 188 501 -203
-770 448 146 -229 99
-964 531 299 -369 -116
-927 -407 557 460 953
-688 188 879 997 980
-272 541 -640 646 -452
602 -104 -277 -822 946
-503 556 306 989 422
-623 650 793 -907 -461
-167 -522 -559 -586 -1000
[RUN #120 3 10]
-689 534 -213
366 -880 804
-617 -399 35
-353 188 953
361 -465 681
198 -328 87
907 -505 -323
190 -812 110
241 -573 -963
-58 -426 96
[RUN #121 1 10]
610
165
490
-142
-337
843
942
-880
272
946
[RUN #122 0 10]










[RUN #123 3 10]
726 737 384
-695 251 -643
850 -404 -837
-517 -67 -169
635 -477 -771
-847 829 -624
742 -450 -416
228 -219 -84
753 -337 -644
-147 -757 997
[RUN #124 4 10]
-551 -758 -813 -303
-619 -380 931 -285
-685 744 -932 186
-763 489 -554 -292
277 -356 -873 639
388 -129 394 -962
210 -815 -731 875
-587 986 -509 -335
-312 -349 226 -628
537 -545 -85 687
[RUN #125 5 10]
-234 -852 948 548 -807
-921 -777 -897 -576 -229
612 537 465 -642 -385
299 -630 465 -711 461
83 -785 -462 -690 515
-565 -363 137 641 276
-203 -447 683 107 -82
-73 147 783 -958 -553
769 376 -903 -580 -63
-885 -250 -291 -105 -160
[RUN #126 6 10]
747 742 63 -16 768 -53
-422 738 707 545 -679 -486
687 74 564 -843 -288 68
760 219 -365 -46 585 812
-181 -810 -532 442 -45 662
935 87 -988 -400 -488 -556
275 34 875 -745 -864 -983
-146 -757 436 -720 -875 484
-155 633 -321 -82 46 -54
-316 218 389 67 -899 266
[RUN #127 7 10]
-500 -326 -971 -727 -378 -245 640
-457 -664 -447 -69 -505 196 791
-198 -457 497 888 734 4 -568
478 -246 -792 140 351 -181 455
36 -243 815 -468 995 232 -196
-478 639 197 -590 454 649 -768
192 -790 -377 -988 -139 -588 -490
-404 463 646 -300 -947 -131 -697
367 -750 -628 805 -748 791 -621
-304 825 -3 -92 541 -166 418
